[2025-07-13 04:00:41,632: INFO: main: Welcomme to my custom log]
[2025-07-15 12:08:25,386: INFO: common: yaml file: config\config.yaml loaded successfully]
[2025-07-15 12:08:25,415: INFO: common: yaml file: params.yaml loaded successfully]
[2025-07-15 12:08:25,422: INFO: common: created directory at: artifacts]
[2025-07-15 12:08:25,424: INFO: common: created directory at: artifacts/data_ingestion]
[2025-07-15 12:08:25,424: INFO: 1686853062: Downloading from Google Drive...]
[2025-07-15 12:09:01,940: INFO: 1686853062: âœ… File downloaded to: artifacts/data_ingestion/data.zip]
[2025-07-15 12:09:07,395: INFO: 1686853062: âœ… Extracted zip to: artifacts/data_ingestion]
[2025-07-15 12:09:07,396: INFO: 3821795488: ğŸ‰ Data ingestion completed successfully!]
[2025-07-20 14:29:52,759: INFO: main: >>>>>> stage Data Ingestion stage started <<<<<<]
[2025-07-20 14:29:52,770: INFO: common: yaml file: config\config.yaml loaded successfully]
[2025-07-20 14:29:52,770: INFO: common: yaml file: params.yaml loaded successfully]
[2025-07-20 14:29:52,771: INFO: common: created directory at: artifacts]
[2025-07-20 14:29:52,771: INFO: common: created directory at: artifacts/data_ingestion]
[2025-07-20 14:29:52,771: INFO: data_ingestion: Downloading from Google Drive...]
[2025-07-20 14:30:05,733: INFO: main: >>>>>> stage Data Ingestion stage completed <<<<<<

x==========x]
[2025-07-21 02:15:48,169: INFO: main: >>>>>> stage Data Ingestion stage started <<<<<<]
[2025-07-21 02:15:48,186: INFO: common: yaml file: config\config.yaml loaded successfully]
[2025-07-21 02:15:48,219: INFO: common: yaml file: params.yaml loaded successfully]
[2025-07-21 02:15:48,222: INFO: common: created directory at: artifacts]
[2025-07-21 02:15:48,222: INFO: common: created directory at: artifacts/data_ingestion]
[2025-07-21 02:15:48,222: INFO: data_ingestion: File already exists: artifacts\data_ingestion\data.zip]
[2025-07-21 02:15:54,471: INFO: main: >>>>>> stage Data Ingestion stage completed <<<<<<

x==========x]
[2025-07-21 02:15:54,471: INFO: main: >>>>>> stage Data Transformation stage started <<<<<<]
[2025-07-21 02:15:54,473: INFO: common: yaml file: config\config.yaml loaded successfully]
[2025-07-21 02:15:54,473: INFO: common: yaml file: params.yaml loaded successfully]
[2025-07-21 02:15:54,473: INFO: common: created directory at: artifacts]
[2025-07-21 02:15:54,473: INFO: common: created directory at: artifacts/data_transformation]
[2025-07-21 02:15:54,473: INFO: data_transformation: Data Transformation initialized with config: DataTransformationConfig(root_dir=WindowsPath('artifacts/data_transformation'), image_size=[224, 224], batch_size=16, is_augmentation=True, num_classes=4, training_data=WindowsPath('artifacts/data_ingestion/archive (3)/Training'), testing_data=WindowsPath('artifacts/data_ingestion/archive (3)/Testing'))]
[2025-07-21 02:15:54,533: INFO: data_transformation: Loaded full training dataset from: artifacts\data_ingestion\archive (3)\Training]
[2025-07-21 02:15:54,546: INFO: data_transformation: Loaded testing dataset from: artifacts\data_ingestion\archive (3)\Testing]
[2025-07-21 02:15:54,548: INFO: data_transformation: Detected classes: ['glioma', 'meningioma', 'notumor', 'pituitary']]
[2025-07-21 02:15:54,548: INFO: data_transformation: Split training data: 4569 samples for training, 1143 samples for validation.]
[2025-07-21 02:15:54,550: INFO: data_transformation: Train DataLoader created with 286 batches.]
[2025-07-21 02:15:54,550: INFO: data_transformation: Validation DataLoader created with 72 batches.]
[2025-07-21 02:15:54,550: INFO: data_transformation: Test DataLoader created with 82 batches.]
[2025-07-21 02:15:54,550: INFO: stage_02_data_transformation: DataLoaders successfully created and classes identified: ['glioma', 'meningioma', 'notumor', 'pituitary']]
[2025-07-21 02:15:54,551: INFO: main: >>>>>>> stage Data Transformation stage completed <<<<<<

x==========x]
[2025-07-21 02:29:33,354: INFO: main: >>>>>> stage Data Ingestion stage started <<<<<<]
[2025-07-21 02:29:33,355: INFO: common: yaml file: config\config.yaml loaded successfully]
[2025-07-21 02:29:33,355: INFO: common: yaml file: params.yaml loaded successfully]
[2025-07-21 02:29:33,355: INFO: common: created directory at: artifacts]
[2025-07-21 02:29:33,355: INFO: common: created directory at: artifacts/data_ingestion]
[2025-07-21 02:29:33,355: INFO: data_ingestion: File already exists: artifacts\data_ingestion\data.zip]
[2025-07-21 02:29:38,051: INFO: main: >>>>>> stage Data Ingestion stage completed <<<<<<

x==========x]
[2025-07-21 02:29:38,051: INFO: main: >>>>>> stage Data Transformation stage started <<<<<<]
[2025-07-21 02:29:38,051: INFO: common: yaml file: config\config.yaml loaded successfully]
[2025-07-21 02:29:38,059: INFO: common: yaml file: params.yaml loaded successfully]
[2025-07-21 02:29:38,059: INFO: common: created directory at: artifacts]
[2025-07-21 02:29:38,059: INFO: common: created directory at: artifacts/data_transformation]
[2025-07-21 02:29:38,059: INFO: data_transformation: Data Transformation initialized with config: DataTransformationConfig(root_dir=WindowsPath('artifacts/data_transformation'), image_size=[224, 224], batch_size=16, is_augmentation=True, num_classes=4, training_data=WindowsPath('artifacts/data_ingestion/archive (3)/Training'), testing_data=WindowsPath('artifacts/data_ingestion/archive (3)/Testing'))]
[2025-07-21 02:29:38,079: INFO: data_transformation: Loaded full training dataset from: artifacts\data_ingestion\archive (3)\Training]
[2025-07-21 02:29:38,092: INFO: data_transformation: Loaded testing dataset from: artifacts\data_ingestion\archive (3)\Testing]
[2025-07-21 02:29:38,092: INFO: data_transformation: Detected classes: ['glioma', 'meningioma', 'notumor', 'pituitary']]
[2025-07-21 02:29:38,092: INFO: data_transformation: Split training data: 4569 samples for training, 1143 samples for validation.]
[2025-07-21 02:29:38,092: INFO: data_transformation: Train DataLoader created with 286 batches.]
[2025-07-21 02:29:38,092: INFO: data_transformation: Validation DataLoader created with 72 batches.]
[2025-07-21 02:29:38,092: INFO: data_transformation: Test DataLoader created with 82 batches.]
[2025-07-21 02:29:38,092: INFO: stage_02_data_transformation: DataLoaders successfully created and classes identified: ['glioma', 'meningioma', 'notumor', 'pituitary']]
[2025-07-21 02:29:38,092: INFO: main: >>>>>>> stage Data Transformation stage completed <<<<<<

x==========x]
[2025-07-21 02:32:52,868: INFO: main: >>>>>> stage Data Ingestion stage started <<<<<<]
[2025-07-21 02:32:52,868: INFO: common: yaml file: config\config.yaml loaded successfully]
[2025-07-21 02:32:52,868: INFO: common: yaml file: params.yaml loaded successfully]
[2025-07-21 02:32:52,868: INFO: common: created directory at: artifacts]
[2025-07-21 02:32:52,868: INFO: common: created directory at: artifacts/data_ingestion]
[2025-07-21 02:32:52,868: INFO: data_ingestion: File already exists: artifacts\data_ingestion\data.zip]
[2025-07-21 02:32:57,438: INFO: main: >>>>>> stage Data Ingestion stage completed <<<<<<

x==========x]
[2025-07-21 02:32:57,438: INFO: main: >>>>>> stage Data Transformation stage started <<<<<<]
[2025-07-21 02:32:57,438: INFO: common: yaml file: config\config.yaml loaded successfully]
[2025-07-21 02:32:57,438: INFO: common: yaml file: params.yaml loaded successfully]
[2025-07-21 02:32:57,438: INFO: common: created directory at: artifacts]
[2025-07-21 02:32:57,438: INFO: common: created directory at: artifacts/data_transformation]
[2025-07-21 02:32:57,438: INFO: data_transformation: Data Transformation initialized with config: DataTransformationConfig(root_dir=WindowsPath('artifacts/data_transformation'), image_size=[224, 224], batch_size=16, is_augmentation=True, num_classes=4, training_data=WindowsPath('artifacts/data_ingestion/archive (3)/Training'), testing_data=WindowsPath('artifacts/data_ingestion/archive (3)/Testing'))]
[2025-07-21 02:32:57,470: INFO: data_transformation: Loaded full training dataset from: artifacts\data_ingestion\archive (3)\Training]
[2025-07-21 02:32:57,486: INFO: data_transformation: Loaded testing dataset from: artifacts\data_ingestion\archive (3)\Testing]
[2025-07-21 02:32:57,486: INFO: data_transformation: Detected classes: ['glioma', 'meningioma', 'notumor', 'pituitary']]
[2025-07-21 02:32:57,486: INFO: data_transformation: Split training data: 4569 samples for training, 1143 samples for validation.]
[2025-07-21 02:32:57,486: INFO: data_transformation: Train DataLoader created with 286 batches.]
[2025-07-21 02:32:57,486: INFO: data_transformation: Validation DataLoader created with 72 batches.]
[2025-07-21 02:32:57,486: INFO: data_transformation: Test DataLoader created with 82 batches.]
[2025-07-21 02:32:57,486: INFO: stage_02_data_transformation: DataLoaders successfully created and classes identified: ['glioma', 'meningioma', 'notumor', 'pituitary']]
[2025-07-21 02:32:57,486: INFO: main: >>>>>>> stage Data Transformation stage completed <<<<<<

x==========x]
[2025-07-21 02:32:57,486: INFO: main: >>>>>> stage Prepare Base Model stage started <<<<<<]
[2025-07-21 02:32:57,502: INFO: common: yaml file: config\config.yaml loaded successfully]
[2025-07-21 02:32:57,502: INFO: common: yaml file: params.yaml loaded successfully]
[2025-07-21 02:32:57,502: INFO: common: created directory at: artifacts]
[2025-07-21 02:32:57,502: INFO: common: created directory at: artifacts/prepare_base_model]
[2025-07-21 02:32:57,628: INFO: prepare_base_model: Using device for model preparation: cuda]
[2025-07-21 02:32:57,932: INFO: prepare_base_model: Loaded pre-trained ResNet18 model.]
[2025-07-21 02:32:57,934: INFO: prepare_base_model: Frozen all parameters in the base model (feature extractor).]
[2025-07-21 02:32:57,993: INFO: prepare_base_model: Initial base model (state_dict) saved to: artifacts\prepare_base_model\base_model.pth]
[2025-07-21 02:32:57,993: INFO: prepare_base_model: Modified final FC layer to have 4 output features.]
[2025-07-21 02:32:58,189: INFO: prepare_base_model: Model moved to cuda.]
[2025-07-21 02:32:58,265: INFO: prepare_base_model: Updated base model (state_dict) saved to: artifacts\prepare_base_model\updated_base_model.pth]
[2025-07-21 02:32:58,265: INFO: main: >>>>>>> stage Prepare Base Model stage completed <<<<<<

x==========x]
[2025-07-21 03:31:43,981: INFO: main: >>>>>> stage Data Ingestion stage started <<<<<<]
[2025-07-21 03:31:43,998: INFO: common: yaml file: config\config.yaml loaded successfully]
[2025-07-21 03:31:43,998: INFO: common: yaml file: params.yaml loaded successfully]
[2025-07-21 03:31:43,998: INFO: common: created directory at: artifacts]
[2025-07-21 03:31:43,998: INFO: common: created directory at: artifacts/data_ingestion]
[2025-07-21 03:31:43,998: INFO: data_ingestion: File already exists: artifacts\data_ingestion\data.zip]
[2025-07-21 03:31:48,615: INFO: main: >>>>>> stage Data Ingestion stage completed <<<<<<

x==========x]
[2025-07-21 03:31:48,615: INFO: main: >>>>>> stage Data Transformation stage started <<<<<<]
[2025-07-21 03:31:48,618: INFO: common: yaml file: config\config.yaml loaded successfully]
[2025-07-21 03:31:48,618: INFO: common: yaml file: params.yaml loaded successfully]
[2025-07-21 03:31:48,618: INFO: common: created directory at: artifacts]
[2025-07-21 03:31:48,618: INFO: common: created directory at: artifacts/data_transformation]
[2025-07-21 03:31:48,618: INFO: data_transformation: Data Transformation initialized with config: DataTransformationConfig(root_dir=WindowsPath('artifacts/data_transformation'), image_size=[224, 224], batch_size=16, is_augmentation=True, num_classes=4, training_data=WindowsPath('artifacts/data_ingestion/archive (3)/Training'), testing_data=WindowsPath('artifacts/data_ingestion/archive (3)/Testing'))]
[2025-07-21 03:31:48,657: INFO: data_transformation: Loaded full training dataset from: artifacts\data_ingestion\archive (3)\Training]
[2025-07-21 03:31:48,670: INFO: data_transformation: Loaded testing dataset from: artifacts\data_ingestion\archive (3)\Testing]
[2025-07-21 03:31:48,670: INFO: data_transformation: Detected classes: ['glioma', 'meningioma', 'notumor', 'pituitary']]
[2025-07-21 03:31:48,670: INFO: data_transformation: Split training data: 4569 samples for training, 1143 samples for validation.]
[2025-07-21 03:31:48,673: INFO: data_transformation: Train DataLoader created with 286 batches.]
[2025-07-21 03:31:48,673: INFO: data_transformation: Validation DataLoader created with 72 batches.]
[2025-07-21 03:31:48,673: INFO: data_transformation: Test DataLoader created with 82 batches.]
[2025-07-21 03:31:48,673: INFO: stage_02_data_transformation: DataLoaders successfully created and classes identified: ['glioma', 'meningioma', 'notumor', 'pituitary']]
[2025-07-21 03:31:48,674: INFO: main: >>>>>>> stage Data Transformation stage completed <<<<<<

x==========x]
[2025-07-21 03:31:48,674: INFO: main: >>>>>> stage Prepare Base Model stage started <<<<<<]
[2025-07-21 03:31:48,674: INFO: common: yaml file: config\config.yaml loaded successfully]
[2025-07-21 03:31:48,674: INFO: common: yaml file: params.yaml loaded successfully]
[2025-07-21 03:31:48,674: INFO: common: created directory at: artifacts]
[2025-07-21 03:31:48,674: INFO: common: created directory at: artifacts/prepare_base_model]
[2025-07-21 03:31:48,701: INFO: prepare_base_model: Using device for model preparation: cuda]
[2025-07-21 03:31:48,919: INFO: prepare_base_model: Loaded pre-trained ResNet18 model.]
[2025-07-21 03:31:48,919: INFO: prepare_base_model: Frozen all parameters in the base model (feature extractor).]
[2025-07-21 03:31:48,996: INFO: prepare_base_model: Initial base model (state_dict) saved to: artifacts\prepare_base_model\base_model.pth]
[2025-07-21 03:31:48,996: INFO: prepare_base_model: Modified final FC layer to have 4 output features.]
[2025-07-21 03:31:49,126: INFO: prepare_base_model: Model moved to cuda.]
[2025-07-21 03:31:49,209: INFO: prepare_base_model: Updated base model (state_dict) saved to: artifacts\prepare_base_model\updated_base_model.pth]
[2025-07-21 03:31:49,217: INFO: main: >>>>>>> stage Prepare Base Model stage completed <<<<<<

x==========x]
[2025-07-21 03:31:49,217: INFO: main: >>>>>> stage Model Training stage started <<<<<<]
[2025-07-21 03:31:49,220: INFO: common: yaml file: config\config.yaml loaded successfully]
[2025-07-21 03:31:49,223: INFO: common: yaml file: params.yaml loaded successfully]
[2025-07-21 03:31:49,223: INFO: common: created directory at: artifacts]
[2025-07-21 03:31:49,224: INFO: common: created directory at: artifacts/model_training]
[2025-07-21 03:31:49,224: INFO: model_training: Using device for model training: cuda]
[2025-07-21 03:31:49,617: INFO: model_training: Loaded updated base model from artifacts\prepare_base_model\updated_base_model.pth to cuda.]
[2025-07-21 03:31:49,619: INFO: model_training: Criterion, Optimizer, and Scheduler initialized.]
[2025-07-21 03:31:49,647: INFO: model_training: DataLoaders prepared for training.]
[2025-07-21 03:31:49,664: INFO: model_training: Epoch 1/60]
[2025-07-21 03:31:49,664: INFO: model_training: ----------]
[2025-07-21 03:31:56,537: INFO: main: >>>>>> stage Data Ingestion stage started <<<<<<]
[2025-07-21 03:31:56,537: INFO: common: yaml file: config\config.yaml loaded successfully]
[2025-07-21 03:31:56,537: INFO: common: yaml file: params.yaml loaded successfully]
[2025-07-21 03:31:56,537: INFO: common: created directory at: artifacts]
[2025-07-21 03:31:56,537: INFO: common: created directory at: artifacts/data_ingestion]
[2025-07-21 03:31:56,537: INFO: data_ingestion: File already exists: artifacts\data_ingestion\data.zip]
[2025-07-21 03:32:01,079: INFO: main: >>>>>> stage Data Ingestion stage completed <<<<<<

x==========x]
[2025-07-21 03:32:01,079: INFO: main: >>>>>> stage Data Transformation stage started <<<<<<]
[2025-07-21 03:32:01,079: INFO: common: yaml file: config\config.yaml loaded successfully]
[2025-07-21 03:32:01,084: INFO: common: yaml file: params.yaml loaded successfully]
[2025-07-21 03:32:01,085: INFO: common: created directory at: artifacts]
[2025-07-21 03:32:01,085: INFO: common: created directory at: artifacts/data_transformation]
[2025-07-21 03:32:01,085: INFO: data_transformation: Data Transformation initialized with config: DataTransformationConfig(root_dir=WindowsPath('artifacts/data_transformation'), image_size=[224, 224], batch_size=16, is_augmentation=True, num_classes=4, training_data=WindowsPath('artifacts/data_ingestion/archive (3)/Training'), testing_data=WindowsPath('artifacts/data_ingestion/archive (3)/Testing'))]
[2025-07-21 03:32:01,118: INFO: data_transformation: Loaded full training dataset from: artifacts\data_ingestion\archive (3)\Training]
[2025-07-21 03:32:01,118: INFO: data_transformation: Loaded testing dataset from: artifacts\data_ingestion\archive (3)\Testing]
[2025-07-21 03:32:01,118: INFO: data_transformation: Detected classes: ['glioma', 'meningioma', 'notumor', 'pituitary']]
[2025-07-21 03:32:01,118: INFO: data_transformation: Split training data: 4569 samples for training, 1143 samples for validation.]
[2025-07-21 03:32:01,118: INFO: data_transformation: Train DataLoader created with 286 batches.]
[2025-07-21 03:32:01,118: INFO: data_transformation: Validation DataLoader created with 72 batches.]
[2025-07-21 03:32:01,118: INFO: data_transformation: Test DataLoader created with 82 batches.]
[2025-07-21 03:32:01,118: INFO: stage_02_data_transformation: DataLoaders successfully created and classes identified: ['glioma', 'meningioma', 'notumor', 'pituitary']]
[2025-07-21 03:32:01,132: INFO: main: >>>>>>> stage Data Transformation stage completed <<<<<<

x==========x]
[2025-07-21 03:32:01,132: INFO: main: >>>>>> stage Prepare Base Model stage started <<<<<<]
[2025-07-21 03:32:01,134: INFO: common: yaml file: config\config.yaml loaded successfully]
[2025-07-21 03:32:01,136: INFO: common: yaml file: params.yaml loaded successfully]
[2025-07-21 03:32:01,136: INFO: common: created directory at: artifacts]
[2025-07-21 03:32:01,136: INFO: common: created directory at: artifacts/prepare_base_model]
[2025-07-21 03:32:01,154: INFO: prepare_base_model: Using device for model preparation: cuda]
[2025-07-21 03:32:01,394: INFO: prepare_base_model: Loaded pre-trained ResNet18 model.]
[2025-07-21 03:32:01,396: INFO: prepare_base_model: Frozen all parameters in the base model (feature extractor).]
[2025-07-21 03:32:01,455: INFO: prepare_base_model: Initial base model (state_dict) saved to: artifacts\prepare_base_model\base_model.pth]
[2025-07-21 03:32:01,455: INFO: prepare_base_model: Modified final FC layer to have 4 output features.]
[2025-07-21 03:32:01,590: INFO: prepare_base_model: Model moved to cuda.]
[2025-07-21 03:32:01,672: INFO: prepare_base_model: Updated base model (state_dict) saved to: artifacts\prepare_base_model\updated_base_model.pth]
[2025-07-21 03:32:01,672: INFO: main: >>>>>>> stage Prepare Base Model stage completed <<<<<<

x==========x]
[2025-07-21 03:32:01,677: INFO: main: >>>>>> stage Model Training stage started <<<<<<]
[2025-07-21 03:32:01,679: INFO: common: yaml file: config\config.yaml loaded successfully]
[2025-07-21 03:32:01,681: INFO: common: yaml file: params.yaml loaded successfully]
[2025-07-21 03:32:01,681: INFO: common: created directory at: artifacts]
[2025-07-21 03:32:01,681: INFO: common: created directory at: artifacts/model_training]
[2025-07-21 03:32:01,681: INFO: model_training: Using device for model training: cuda]
[2025-07-21 03:32:01,999: INFO: model_training: Loaded updated base model from artifacts\prepare_base_model\updated_base_model.pth to cuda.]
[2025-07-21 03:32:01,999: INFO: model_training: Criterion, Optimizer, and Scheduler initialized.]
[2025-07-21 03:32:02,049: INFO: model_training: DataLoaders prepared for training.]
[2025-07-21 03:32:02,064: INFO: model_training: Epoch 1/60]
[2025-07-21 03:32:02,064: INFO: model_training: ----------]
[2025-07-21 03:32:02,064: ERROR: stage_04_model_training: Error during Model Training stage: 
        An attempt has been made to start a new process before the
        current process has finished its bootstrapping phase.

        This probably means that you are not using fork to start your
        child processes and you have forgotten to use the proper idiom
        in the main module:

            if __name__ == '__main__':
                freeze_support()
                ...

        The "freeze_support()" line can be omitted if the program
        is not going to be frozen to produce an executable.]
Traceback (most recent call last):
  File "c:\users\dell\cnn-models\src\cnn_classifier\pipeline\stage_04_model_training.py", line 19, in main
    model_trainer.train_model() # This will handle loading data, training, and saving the best model
  File "c:\users\dell\cnn-models\src\cnn_classifier\components\model_training.py", line 133, in train_model
    for inputs, labels in dataloader:
  File "D:\New folder\envs\brain_tumour_py39\lib\site-packages\torch\utils\data\dataloader.py", line 493, in __iter__
    return self._get_iterator()
  File "D:\New folder\envs\brain_tumour_py39\lib\site-packages\torch\utils\data\dataloader.py", line 424, in _get_iterator
    return _MultiProcessingDataLoaderIter(self)
  File "D:\New folder\envs\brain_tumour_py39\lib\site-packages\torch\utils\data\dataloader.py", line 1171, in __init__
    w.start()
  File "D:\New folder\envs\brain_tumour_py39\lib\multiprocessing\process.py", line 121, in start
    self._popen = self._Popen(self)
  File "D:\New folder\envs\brain_tumour_py39\lib\multiprocessing\context.py", line 224, in _Popen
    return _default_context.get_context().Process._Popen(process_obj)
  File "D:\New folder\envs\brain_tumour_py39\lib\multiprocessing\context.py", line 327, in _Popen
    return Popen(process_obj)
  File "D:\New folder\envs\brain_tumour_py39\lib\multiprocessing\popen_spawn_win32.py", line 45, in __init__
    prep_data = spawn.get_preparation_data(process_obj._name)
  File "D:\New folder\envs\brain_tumour_py39\lib\multiprocessing\spawn.py", line 154, in get_preparation_data
    _check_not_importing_main()
  File "D:\New folder\envs\brain_tumour_py39\lib\multiprocessing\spawn.py", line 134, in _check_not_importing_main
    raise RuntimeError('''
RuntimeError: 
        An attempt has been made to start a new process before the
        current process has finished its bootstrapping phase.

        This probably means that you are not using fork to start your
        child processes and you have forgotten to use the proper idiom
        in the main module:

            if __name__ == '__main__':
                freeze_support()
                ...

        The "freeze_support()" line can be omitted if the program
        is not going to be frozen to produce an executable.
[2025-07-21 03:47:07,390: INFO: main: >>>>>> stage Data Ingestion stage started <<<<<<]
[2025-07-21 03:47:07,392: INFO: common: yaml file: config\config.yaml loaded successfully]
[2025-07-21 03:47:07,392: INFO: common: yaml file: params.yaml loaded successfully]
[2025-07-21 03:47:07,392: INFO: common: created directory at: artifacts]
[2025-07-21 03:47:07,392: INFO: common: created directory at: artifacts/data_ingestion]
[2025-07-21 03:47:07,392: INFO: data_ingestion: File already exists: artifacts\data_ingestion\data.zip]
[2025-07-21 03:47:12,189: INFO: main: >>>>>> stage Data Ingestion stage completed <<<<<<

x==========x]
[2025-07-21 03:47:12,189: INFO: main: >>>>>> stage Data Transformation stage started <<<<<<]
[2025-07-21 03:47:12,189: INFO: common: yaml file: config\config.yaml loaded successfully]
[2025-07-21 03:47:12,189: INFO: common: yaml file: params.yaml loaded successfully]
[2025-07-21 03:47:12,189: INFO: common: created directory at: artifacts]
[2025-07-21 03:47:12,189: INFO: common: created directory at: artifacts/data_transformation]
[2025-07-21 03:47:12,189: INFO: data_transformation: Data Transformation initialized with config: DataTransformationConfig(root_dir=WindowsPath('artifacts/data_transformation'), image_size=[224, 224], batch_size=16, is_augmentation=True, num_classes=4, training_data=WindowsPath('artifacts/data_ingestion/archive (3)/Training'), testing_data=WindowsPath('artifacts/data_ingestion/archive (3)/Testing'))]
[2025-07-21 03:47:12,217: INFO: data_transformation: Loaded full training dataset from: artifacts\data_ingestion\archive (3)\Training]
[2025-07-21 03:47:12,233: INFO: data_transformation: Loaded testing dataset from: artifacts\data_ingestion\archive (3)\Testing]
[2025-07-21 03:47:12,233: INFO: data_transformation: Detected classes: ['glioma', 'meningioma', 'notumor', 'pituitary']]
[2025-07-21 03:47:12,233: INFO: data_transformation: Split training data: 4569 samples for training, 1143 samples for validation.]
[2025-07-21 03:47:12,233: INFO: data_transformation: Train DataLoader created with 286 batches.]
[2025-07-21 03:47:12,233: INFO: data_transformation: Validation DataLoader created with 72 batches.]
[2025-07-21 03:47:12,233: INFO: data_transformation: Test DataLoader created with 82 batches.]
[2025-07-21 03:47:12,233: INFO: stage_02_data_transformation: DataLoaders successfully created and classes identified: ['glioma', 'meningioma', 'notumor', 'pituitary']]
[2025-07-21 03:47:12,233: INFO: main: >>>>>>> stage Data Transformation stage completed <<<<<<

x==========x]
[2025-07-21 03:47:12,233: INFO: main: >>>>>> stage Prepare Base Model stage started <<<<<<]
[2025-07-21 03:47:12,244: INFO: common: yaml file: config\config.yaml loaded successfully]
[2025-07-21 03:47:12,244: INFO: common: yaml file: params.yaml loaded successfully]
[2025-07-21 03:47:12,244: INFO: common: created directory at: artifacts]
[2025-07-21 03:47:12,244: INFO: common: created directory at: artifacts/prepare_base_model]
[2025-07-21 03:47:12,264: INFO: prepare_base_model: Using device for model preparation: cuda]
[2025-07-21 03:47:12,518: INFO: prepare_base_model: Loaded pre-trained ResNet18 model.]
[2025-07-21 03:47:12,520: INFO: prepare_base_model: Frozen all parameters in the base model (feature extractor).]
[2025-07-21 03:47:12,578: INFO: prepare_base_model: Initial base model (state_dict) saved to: artifacts\prepare_base_model\base_model.pth]
[2025-07-21 03:47:12,580: INFO: prepare_base_model: Modified final FC layer to have 4 output features.]
[2025-07-21 03:47:12,688: INFO: prepare_base_model: Model moved to cuda.]
[2025-07-21 03:47:12,785: INFO: prepare_base_model: Updated base model (state_dict) saved to: artifacts\prepare_base_model\updated_base_model.pth]
[2025-07-21 03:47:12,787: INFO: main: >>>>>>> stage Prepare Base Model stage completed <<<<<<

x==========x]
[2025-07-21 03:47:12,787: INFO: main: >>>>>> stage Model Training stage started <<<<<<]
[2025-07-21 03:47:12,787: INFO: common: yaml file: config\config.yaml loaded successfully]
[2025-07-21 03:47:12,787: INFO: common: yaml file: params.yaml loaded successfully]
[2025-07-21 03:47:12,787: INFO: common: created directory at: artifacts]
[2025-07-21 03:47:12,787: INFO: common: created directory at: artifacts/model_training]
[2025-07-21 03:47:12,787: INFO: model_training: Using device for model training: cuda]
[2025-07-21 03:47:13,167: INFO: model_training: Loaded updated base model from artifacts\prepare_base_model\updated_base_model.pth to cuda.]
[2025-07-21 03:47:13,167: INFO: model_training: Criterion, Optimizer, and Scheduler initialized.]
[2025-07-21 03:47:13,219: INFO: model_training: DataLoaders prepared for training.]
[2025-07-21 03:47:13,236: INFO: model_training: Epoch 1/60]
[2025-07-21 03:47:13,236: INFO: model_training: ----------]
[2025-07-21 03:50:05,354: INFO: model_training: train Loss: 0.4751 Acc: 0.8293]
[2025-07-21 03:51:10,359: INFO: model_training: val Loss: 0.3810 Acc: 0.8583]
[2025-07-21 03:51:10,494: INFO: model_training: New best validation accuracy: 0.8583. Saving model weights.]
[2025-07-21 03:51:10,590: INFO: model_training: Epoch 2/60]
[2025-07-21 03:51:10,598: INFO: model_training: ----------]
[2025-07-21 03:54:23,211: INFO: model_training: train Loss: 0.2694 Acc: 0.9079]
[2025-07-21 03:55:28,056: INFO: model_training: val Loss: 0.6636 Acc: 0.7830]
[2025-07-21 03:55:28,062: INFO: model_training: Validation accuracy did not improve. No improvement for 1 epochs.]
[2025-07-21 03:55:28,062: INFO: model_training: Epoch 3/60]
[2025-07-21 03:55:28,062: INFO: model_training: ----------]
[2025-07-21 03:58:39,010: INFO: model_training: train Loss: 0.1956 Acc: 0.9302]
[2025-07-21 03:59:36,145: INFO: model_training: val Loss: 0.1864 Acc: 0.9326]
[2025-07-21 03:59:36,166: INFO: model_training: New best validation accuracy: 0.9326. Saving model weights.]
[2025-07-21 03:59:36,253: INFO: model_training: Epoch 4/60]
[2025-07-21 03:59:36,253: INFO: model_training: ----------]
[2025-07-21 04:02:46,135: INFO: model_training: train Loss: 0.1852 Acc: 0.9385]
[2025-07-21 04:03:44,460: INFO: model_training: val Loss: 0.1342 Acc: 0.9449]
[2025-07-21 04:03:44,469: INFO: model_training: New best validation accuracy: 0.9449. Saving model weights.]
[2025-07-21 04:03:44,565: INFO: model_training: Epoch 5/60]
[2025-07-21 04:03:44,565: INFO: model_training: ----------]
[2025-07-21 04:06:53,631: INFO: model_training: train Loss: 0.1572 Acc: 0.9468]
[2025-07-21 04:07:53,878: INFO: model_training: val Loss: 0.1192 Acc: 0.9598]
[2025-07-21 04:07:53,897: INFO: model_training: New best validation accuracy: 0.9598. Saving model weights.]
[2025-07-21 04:07:53,996: INFO: model_training: Epoch 6/60]
[2025-07-21 04:07:53,996: INFO: model_training: ----------]
[2025-07-21 04:11:07,535: INFO: model_training: train Loss: 0.1248 Acc: 0.9599]
[2025-07-21 04:12:08,713: INFO: model_training: val Loss: 0.1295 Acc: 0.9606]
[2025-07-21 04:12:08,720: INFO: model_training: New best validation accuracy: 0.9606. Saving model weights.]
[2025-07-21 04:12:08,846: INFO: model_training: Epoch 7/60]
[2025-07-21 04:12:08,847: INFO: model_training: ----------]
[2025-07-21 04:15:45,414: INFO: model_training: train Loss: 0.1117 Acc: 0.9597]
[2025-07-21 04:16:47,056: INFO: model_training: val Loss: 0.1183 Acc: 0.9563]
[2025-07-21 04:16:47,056: INFO: model_training: Validation accuracy did not improve. No improvement for 1 epochs.]
[2025-07-21 04:16:47,056: INFO: model_training: Epoch 8/60]
[2025-07-21 04:16:47,056: INFO: model_training: ----------]
[2025-07-21 04:20:14,837: INFO: model_training: train Loss: 0.0503 Acc: 0.9838]
[2025-07-21 04:21:12,763: INFO: model_training: val Loss: 0.0457 Acc: 0.9860]
[2025-07-21 04:21:12,780: INFO: model_training: New best validation accuracy: 0.9860. Saving model weights.]
[2025-07-21 04:21:12,873: INFO: model_training: Epoch 9/60]
[2025-07-21 04:21:12,873: INFO: model_training: ----------]
[2025-07-21 04:24:32,537: INFO: model_training: train Loss: 0.0303 Acc: 0.9912]
[2025-07-21 04:25:30,207: INFO: model_training: val Loss: 0.0487 Acc: 0.9825]
[2025-07-21 04:25:30,210: INFO: model_training: Validation accuracy did not improve. No improvement for 1 epochs.]
[2025-07-21 04:25:30,210: INFO: model_training: Epoch 10/60]
[2025-07-21 04:25:30,210: INFO: model_training: ----------]
[2025-07-21 04:28:53,814: INFO: model_training: train Loss: 0.0195 Acc: 0.9947]
[2025-07-21 04:29:52,235: INFO: model_training: val Loss: 0.0484 Acc: 0.9860]
[2025-07-21 04:29:52,238: INFO: model_training: Validation accuracy did not improve. No improvement for 2 epochs.]
[2025-07-21 04:29:52,238: INFO: model_training: Epoch 11/60]
[2025-07-21 04:29:52,238: INFO: model_training: ----------]
[2025-07-21 04:33:16,778: INFO: model_training: train Loss: 0.0189 Acc: 0.9939]
[2025-07-21 04:34:15,850: INFO: model_training: val Loss: 0.0423 Acc: 0.9886]
[2025-07-21 04:34:15,871: INFO: model_training: New best validation accuracy: 0.9886. Saving model weights.]
[2025-07-21 04:34:15,963: INFO: model_training: Epoch 12/60]
[2025-07-21 04:34:15,971: INFO: model_training: ----------]
[2025-07-21 04:37:47,010: INFO: model_training: train Loss: 0.0203 Acc: 0.9947]
[2025-07-21 04:38:53,079: INFO: model_training: val Loss: 0.0419 Acc: 0.9851]
[2025-07-21 04:38:53,079: INFO: model_training: Validation accuracy did not improve. No improvement for 1 epochs.]
[2025-07-21 04:38:53,079: INFO: model_training: Epoch 13/60]
[2025-07-21 04:38:53,080: INFO: model_training: ----------]
[2025-07-21 04:42:10,387: INFO: model_training: train Loss: 0.0204 Acc: 0.9947]
[2025-07-21 04:43:09,520: INFO: model_training: val Loss: 0.0400 Acc: 0.9878]
[2025-07-21 04:43:09,520: INFO: model_training: Validation accuracy did not improve. No improvement for 2 epochs.]
[2025-07-21 04:43:09,522: INFO: model_training: Epoch 14/60]
[2025-07-21 04:43:09,522: INFO: model_training: ----------]
[2025-07-21 04:46:39,883: INFO: model_training: train Loss: 0.0116 Acc: 0.9972]
[2025-07-21 04:47:38,927: INFO: model_training: val Loss: 0.0324 Acc: 0.9904]
[2025-07-21 04:47:38,942: INFO: model_training: New best validation accuracy: 0.9904. Saving model weights.]
[2025-07-21 04:47:39,025: INFO: model_training: Epoch 15/60]
[2025-07-21 04:47:39,033: INFO: model_training: ----------]
[2025-07-21 04:51:27,162: INFO: model_training: train Loss: 0.0126 Acc: 0.9967]
[2025-07-21 04:52:25,380: INFO: model_training: val Loss: 0.0369 Acc: 0.9860]
[2025-07-21 04:52:25,380: INFO: model_training: Validation accuracy did not improve. No improvement for 1 epochs.]
[2025-07-21 04:52:25,380: INFO: model_training: Epoch 16/60]
[2025-07-21 04:52:25,380: INFO: model_training: ----------]
[2025-07-21 04:56:02,495: INFO: model_training: train Loss: 0.0115 Acc: 0.9967]
[2025-07-21 04:57:00,828: INFO: model_training: val Loss: 0.0323 Acc: 0.9913]
[2025-07-21 04:57:00,846: INFO: model_training: New best validation accuracy: 0.9913. Saving model weights.]
[2025-07-21 04:57:00,933: INFO: model_training: Epoch 17/60]
[2025-07-21 04:57:00,933: INFO: model_training: ----------]
[2025-07-21 05:00:28,781: INFO: model_training: train Loss: 0.0086 Acc: 0.9980]
[2025-07-21 05:01:27,281: INFO: model_training: val Loss: 0.0431 Acc: 0.9878]
[2025-07-21 05:01:27,281: INFO: model_training: Validation accuracy did not improve. No improvement for 1 epochs.]
[2025-07-21 05:01:27,283: INFO: model_training: Epoch 18/60]
[2025-07-21 05:01:27,283: INFO: model_training: ----------]
[2025-07-21 05:04:56,359: INFO: model_training: train Loss: 0.0077 Acc: 0.9980]
[2025-07-21 05:06:03,050: INFO: model_training: val Loss: 0.0353 Acc: 0.9878]
[2025-07-21 05:06:03,050: INFO: model_training: Validation accuracy did not improve. No improvement for 2 epochs.]
[2025-07-21 05:06:03,050: INFO: model_training: Epoch 19/60]
[2025-07-21 05:06:03,050: INFO: model_training: ----------]
[2025-07-21 05:09:50,932: INFO: model_training: train Loss: 0.0102 Acc: 0.9965]
[2025-07-21 05:10:50,099: INFO: model_training: val Loss: 0.0416 Acc: 0.9886]
[2025-07-21 05:10:50,099: INFO: model_training: Validation accuracy did not improve. No improvement for 3 epochs.]
[2025-07-21 05:10:50,099: INFO: model_training: Epoch 20/60]
[2025-07-21 05:10:50,099: INFO: model_training: ----------]
[2025-07-21 05:14:33,816: INFO: model_training: train Loss: 0.0067 Acc: 0.9985]
[2025-07-21 05:15:33,853: INFO: model_training: val Loss: 0.0318 Acc: 0.9895]
[2025-07-21 05:15:33,853: INFO: model_training: Validation accuracy did not improve. No improvement for 4 epochs.]
[2025-07-21 05:15:33,853: INFO: model_training: Epoch 21/60]
[2025-07-21 05:15:33,853: INFO: model_training: ----------]
[2025-07-21 05:19:08,933: INFO: model_training: train Loss: 0.0096 Acc: 0.9969]
[2025-07-21 05:20:07,126: INFO: model_training: val Loss: 0.0409 Acc: 0.9869]
[2025-07-21 05:20:07,126: INFO: model_training: Validation accuracy did not improve. No improvement for 5 epochs.]
[2025-07-21 05:20:07,126: INFO: model_training: Early stopping triggered after 21 epochs due to no improvement for 5 epochs.]
[2025-07-21 05:20:07,126: INFO: model_training: Training complete in 92m 54s]
[2025-07-21 05:20:07,126: INFO: model_training: Best val Acc: 0.9913]
[2025-07-21 05:20:07,137: INFO: model_training: Final trained model (best weights) saved to: artifacts\model_training\model.pth]
[2025-07-21 05:21:16,649: INFO: model_training: Test Accuracy: 0.9924]
[2025-07-21 05:21:16,649: INFO: stage_04_model_training: Model training and evaluation completed successfully.]
[2025-07-21 05:21:16,654: INFO: main: >>>>>>> stage Model Training stage completed <<<<<<

x==========x]
[2025-07-22 01:00:10,847: INFO: main: >>>>>> stage Data Ingestion stage started <<<<<<]
[2025-07-22 01:00:10,853: INFO: common: yaml file: config\config.yaml loaded successfully]
[2025-07-22 01:00:10,883: INFO: common: yaml file: params.yaml loaded successfully]
[2025-07-22 01:00:10,883: INFO: common: created directory at: artifacts]
[2025-07-22 01:00:10,883: INFO: common: created directory at: artifacts/data_ingestion]
[2025-07-22 01:00:10,883: INFO: data_ingestion: File already exists: artifacts\data_ingestion\data.zip]
[2025-07-22 01:00:17,944: INFO: main: >>>>>> stage Data Ingestion stage completed <<<<<<

x==========x]
[2025-07-22 01:00:17,944: INFO: main: >>>>>> stage Data Transformation stage started <<<<<<]
[2025-07-22 01:00:17,958: INFO: common: yaml file: config\config.yaml loaded successfully]
[2025-07-22 01:00:17,958: INFO: common: yaml file: params.yaml loaded successfully]
[2025-07-22 01:00:17,958: INFO: common: created directory at: artifacts]
[2025-07-22 01:00:17,958: INFO: common: created directory at: artifacts/data_transformation]
[2025-07-22 01:00:17,958: INFO: data_transformation: Data Transformation initialized with config: DataTransformationConfig(root_dir=WindowsPath('artifacts/data_transformation'), image_size=[224, 224], batch_size=16, is_augmentation=True, num_classes=4, training_data=WindowsPath('artifacts/data_ingestion/archive (3)/Training'), testing_data=WindowsPath('artifacts/data_ingestion/archive (3)/Testing'))]
[2025-07-22 01:00:18,036: INFO: data_transformation: Loaded full training dataset from: artifacts\data_ingestion\archive (3)\Training]
[2025-07-22 01:00:18,053: INFO: data_transformation: Loaded testing dataset from: artifacts\data_ingestion\archive (3)\Testing]
[2025-07-22 01:00:18,053: INFO: data_transformation: Detected classes: ['glioma', 'meningioma', 'notumor', 'pituitary']]
[2025-07-22 01:00:18,163: INFO: data_transformation: Split training data: 4569 samples for training, 1143 samples for validation.]
[2025-07-22 01:00:18,163: INFO: data_transformation: Train DataLoader created with 286 batches.]
[2025-07-22 01:00:18,163: INFO: data_transformation: Validation DataLoader created with 72 batches.]
[2025-07-22 01:00:18,163: INFO: data_transformation: Test DataLoader created with 82 batches.]
[2025-07-22 01:00:18,163: INFO: stage_02_data_transformation: DataLoaders successfully created and classes identified: ['glioma', 'meningioma', 'notumor', 'pituitary']]
[2025-07-22 01:00:18,163: INFO: main: >>>>>>> stage Data Transformation stage completed <<<<<<

x==========x]
[2025-07-22 01:00:18,163: INFO: main: >>>>>> stage Prepare Base Model stage started <<<<<<]
[2025-07-22 01:00:18,179: INFO: common: yaml file: config\config.yaml loaded successfully]
[2025-07-22 01:00:18,180: INFO: common: yaml file: params.yaml loaded successfully]
[2025-07-22 01:00:18,181: INFO: common: created directory at: artifacts]
[2025-07-22 01:00:18,181: INFO: common: created directory at: artifacts/prepare_base_model]
[2025-07-22 01:00:18,226: INFO: prepare_base_model: Using device for model preparation: cuda]
[2025-07-22 01:00:18,976: INFO: prepare_base_model: Loaded pre-trained ResNet18 model.]
[2025-07-22 01:00:18,978: INFO: prepare_base_model: Frozen all parameters in the base model (feature extractor).]
[2025-07-22 01:00:19,060: INFO: prepare_base_model: Initial base model (state_dict) saved to: artifacts\prepare_base_model\base_model.pth]
[2025-07-22 01:00:19,060: INFO: prepare_base_model: Modified final FC layer to have 4 output features.]
[2025-07-22 01:00:19,301: INFO: prepare_base_model: Model moved to cuda.]
[2025-07-22 01:00:19,397: INFO: prepare_base_model: Updated base model (state_dict) saved to: artifacts\prepare_base_model\updated_base_model.pth]
[2025-07-22 01:00:19,397: INFO: main: >>>>>>> stage Prepare Base Model stage completed <<<<<<

x==========x]
[2025-07-22 01:00:19,397: INFO: main: >>>>>> stage Model Training stage started <<<<<<]
[2025-07-22 01:00:19,405: INFO: common: yaml file: config\config.yaml loaded successfully]
[2025-07-22 01:00:19,405: INFO: common: yaml file: params.yaml loaded successfully]
[2025-07-22 01:00:19,405: INFO: common: created directory at: artifacts]
[2025-07-22 01:00:19,405: INFO: common: created directory at: artifacts/model_training]
[2025-07-22 01:00:19,405: INFO: model_training: Using device for model training: cuda]
[2025-07-22 01:00:19,728: INFO: model_training: Loaded updated base model from artifacts\prepare_base_model\updated_base_model.pth to cuda.]
[2025-07-22 01:00:19,728: INFO: model_training: Criterion, Optimizer, and Scheduler initialized.]
[2025-07-22 01:00:19,761: INFO: model_training: DataLoaders prepared for training.]
[2025-07-22 01:00:19,795: INFO: model_training: Epoch 1/60]
[2025-07-22 01:00:19,795: INFO: model_training: ----------]
[2025-07-22 01:03:17,927: INFO: model_training: train Loss: 0.4520 Acc: 0.8413]
[2025-07-22 01:04:26,228: INFO: model_training: val Loss: 0.6952 Acc: 0.8390]
[2025-07-22 01:04:26,355: INFO: model_training: New best validation accuracy: 0.8390. Saving model weights.]
[2025-07-22 01:04:26,451: INFO: model_training: Epoch 2/60]
[2025-07-22 01:04:26,453: INFO: model_training: ----------]
[2025-07-22 01:07:16,837: INFO: model_training: train Loss: 0.2535 Acc: 0.9059]
[2025-07-22 01:08:25,819: INFO: model_training: val Loss: 0.3762 Acc: 0.8766]
[2025-07-22 01:08:25,835: INFO: model_training: New best validation accuracy: 0.8766. Saving model weights.]
[2025-07-22 01:08:25,944: INFO: model_training: Epoch 3/60]
[2025-07-22 01:08:25,944: INFO: model_training: ----------]
[2025-07-22 01:11:21,148: INFO: model_training: train Loss: 0.1944 Acc: 0.9365]
[2025-07-22 01:12:30,609: INFO: model_training: val Loss: 0.1719 Acc: 0.9353]
[2025-07-22 01:12:30,619: INFO: model_training: New best validation accuracy: 0.9353. Saving model weights.]
[2025-07-22 01:12:30,730: INFO: model_training: Epoch 4/60]
[2025-07-22 01:12:30,730: INFO: model_training: ----------]
[2025-07-22 01:15:27,136: INFO: model_training: train Loss: 0.1718 Acc: 0.9433]
[2025-07-22 01:16:35,709: INFO: model_training: val Loss: 0.3593 Acc: 0.8679]
[2025-07-22 01:16:35,709: INFO: model_training: Validation accuracy did not improve. No improvement for 1 epochs.]
[2025-07-22 01:16:35,710: INFO: model_training: Epoch 5/60]
[2025-07-22 01:16:35,710: INFO: model_training: ----------]
[2025-07-22 01:19:32,777: INFO: model_training: train Loss: 0.1430 Acc: 0.9523]
[2025-07-22 01:20:41,546: INFO: model_training: val Loss: 0.1590 Acc: 0.9554]
[2025-07-22 01:20:41,562: INFO: model_training: New best validation accuracy: 0.9554. Saving model weights.]
[2025-07-22 01:20:41,656: INFO: model_training: Epoch 6/60]
[2025-07-22 01:20:41,656: INFO: model_training: ----------]
[2025-07-22 01:23:40,282: INFO: model_training: train Loss: 0.1611 Acc: 0.9481]
[2025-07-22 01:24:49,854: INFO: model_training: val Loss: 0.0862 Acc: 0.9685]
[2025-07-22 01:24:49,877: INFO: model_training: New best validation accuracy: 0.9685. Saving model weights.]
[2025-07-22 01:24:49,971: INFO: model_training: Epoch 7/60]
[2025-07-22 01:24:49,980: INFO: model_training: ----------]
[2025-07-22 01:27:49,105: INFO: model_training: train Loss: 0.1033 Acc: 0.9652]
[2025-07-22 01:28:57,152: INFO: model_training: val Loss: 0.1795 Acc: 0.9423]
[2025-07-22 01:28:57,152: INFO: model_training: Validation accuracy did not improve. No improvement for 1 epochs.]
[2025-07-22 01:28:57,152: INFO: model_training: Epoch 8/60]
[2025-07-22 01:28:57,152: INFO: model_training: ----------]
[2025-07-22 01:31:55,494: INFO: model_training: train Loss: 0.0449 Acc: 0.9860]
[2025-07-22 01:33:06,628: INFO: model_training: val Loss: 0.0501 Acc: 0.9834]
[2025-07-22 01:33:06,651: INFO: model_training: New best validation accuracy: 0.9834. Saving model weights.]
[2025-07-22 01:33:06,753: INFO: model_training: Epoch 9/60]
[2025-07-22 01:33:06,753: INFO: model_training: ----------]
[2025-07-22 01:36:08,126: INFO: model_training: train Loss: 0.0416 Acc: 0.9862]
[2025-07-22 01:37:17,295: INFO: model_training: val Loss: 0.0484 Acc: 0.9851]
[2025-07-22 01:37:17,303: INFO: model_training: New best validation accuracy: 0.9851. Saving model weights.]
[2025-07-22 01:37:17,398: INFO: model_training: Epoch 10/60]
[2025-07-22 01:37:17,398: INFO: model_training: ----------]
[2025-07-22 01:40:15,488: INFO: model_training: train Loss: 0.0249 Acc: 0.9930]
[2025-07-22 01:41:24,762: INFO: model_training: val Loss: 0.0384 Acc: 0.9878]
[2025-07-22 01:41:24,782: INFO: model_training: New best validation accuracy: 0.9878. Saving model weights.]
[2025-07-22 01:41:24,881: INFO: model_training: Epoch 11/60]
[2025-07-22 01:41:24,881: INFO: model_training: ----------]
[2025-07-22 01:44:21,962: INFO: model_training: train Loss: 0.0229 Acc: 0.9934]
[2025-07-22 01:45:32,128: INFO: model_training: val Loss: 0.0392 Acc: 0.9860]
[2025-07-22 01:45:32,128: INFO: model_training: Validation accuracy did not improve. No improvement for 1 epochs.]
[2025-07-22 01:45:32,128: INFO: model_training: Epoch 12/60]
[2025-07-22 01:45:32,128: INFO: model_training: ----------]
[2025-07-22 01:49:33,554: INFO: model_training: train Loss: 0.0210 Acc: 0.9930]
[2025-07-22 01:51:53,517: INFO: model_training: val Loss: 0.0380 Acc: 0.9886]
[2025-07-22 01:51:53,551: INFO: model_training: New best validation accuracy: 0.9886. Saving model weights.]
[2025-07-22 01:51:53,730: INFO: model_training: Epoch 13/60]
[2025-07-22 01:51:53,730: INFO: model_training: ----------]
[2025-07-22 01:56:25,969: INFO: model_training: train Loss: 0.0157 Acc: 0.9954]
[2025-07-22 01:58:44,060: INFO: model_training: val Loss: 0.0356 Acc: 0.9886]
[2025-07-22 01:58:44,064: INFO: model_training: Validation accuracy did not improve. No improvement for 1 epochs.]
[2025-07-22 01:58:44,064: INFO: model_training: Epoch 14/60]
[2025-07-22 01:58:44,064: INFO: model_training: ----------]
[2025-07-22 02:12:35,364: INFO: main: >>>>>> stage Data Ingestion stage started <<<<<<]
[2025-07-22 02:12:35,393: INFO: common: yaml file: config\config.yaml loaded successfully]
[2025-07-22 02:12:35,431: INFO: common: yaml file: params.yaml loaded successfully]
[2025-07-22 02:12:35,434: INFO: common: created directory at: artifacts]
[2025-07-22 02:12:35,435: INFO: common: created directory at: artifacts/data_ingestion]
[2025-07-22 02:12:35,437: INFO: data_ingestion: File already exists: artifacts\data_ingestion\data.zip]
[2025-07-22 02:12:48,507: INFO: main: >>>>>> stage Data Ingestion stage completed <<<<<<

x==========x]
[2025-07-22 02:12:48,507: INFO: main: >>>>>> stage Data Transformation stage started <<<<<<]
[2025-07-22 02:12:48,531: INFO: common: yaml file: config\config.yaml loaded successfully]
[2025-07-22 02:12:48,535: INFO: common: yaml file: params.yaml loaded successfully]
[2025-07-22 02:12:48,535: INFO: common: created directory at: artifacts]
[2025-07-22 02:12:48,535: INFO: common: created directory at: artifacts/data_transformation]
[2025-07-22 02:12:48,538: INFO: data_transformation: Data Transformation initialized with config: DataTransformationConfig(root_dir=WindowsPath('artifacts/data_transformation'), image_size=[224, 224], batch_size=16, is_augmentation=True, num_classes=4, training_data=WindowsPath('artifacts/data_ingestion/archive (3)/Training'), testing_data=WindowsPath('artifacts/data_ingestion/archive (3)/Testing'))]
[2025-07-22 02:12:48,633: INFO: data_transformation: Loaded full training dataset from: artifacts\data_ingestion\archive (3)\Training]
[2025-07-22 02:12:48,664: INFO: data_transformation: Loaded testing dataset from: artifacts\data_ingestion\archive (3)\Testing]
[2025-07-22 02:12:48,664: INFO: data_transformation: Detected classes: ['glioma', 'meningioma', 'notumor', 'pituitary']]
[2025-07-22 02:12:48,775: INFO: data_transformation: Split training data: 4569 samples for training, 1143 samples for validation.]
[2025-07-22 02:12:48,775: INFO: data_transformation: Train DataLoader created with 286 batches.]
[2025-07-22 02:12:48,775: INFO: data_transformation: Validation DataLoader created with 72 batches.]
[2025-07-22 02:12:48,775: INFO: data_transformation: Test DataLoader created with 82 batches.]
[2025-07-22 02:12:48,775: INFO: stage_02_data_transformation: DataLoaders successfully created and classes identified: ['glioma', 'meningioma', 'notumor', 'pituitary']]
[2025-07-22 02:12:48,775: INFO: main: >>>>>>> stage Data Transformation stage completed <<<<<<

x==========x]
[2025-07-22 02:12:48,775: INFO: main: >>>>>> stage Prepare Base Model stage started <<<<<<]
[2025-07-22 02:12:48,793: INFO: common: yaml file: config\config.yaml loaded successfully]
[2025-07-22 02:12:48,799: INFO: common: yaml file: params.yaml loaded successfully]
[2025-07-22 02:12:48,799: INFO: common: created directory at: artifacts]
[2025-07-22 02:12:48,799: INFO: common: created directory at: artifacts/prepare_base_model]
[2025-07-22 02:12:49,671: INFO: prepare_base_model: Using device for model preparation: cuda]
[2025-07-22 02:12:50,562: INFO: prepare_base_model: Loaded pre-trained ResNet18 model.]
[2025-07-22 02:12:50,562: INFO: prepare_base_model: Frozen all parameters in the base model (feature extractor).]
[2025-07-22 02:12:50,704: INFO: prepare_base_model: Initial base model (state_dict) saved to: artifacts\prepare_base_model\base_model.pth]
[2025-07-22 02:12:50,704: INFO: prepare_base_model: Modified final FC layer to have 4 output features.]
[2025-07-22 02:12:51,307: INFO: prepare_base_model: Model moved to cuda.]
[2025-07-22 02:12:51,498: INFO: prepare_base_model: Updated base model (state_dict) saved to: artifacts\prepare_base_model\updated_base_model.pth]
[2025-07-22 02:12:51,498: INFO: main: >>>>>>> stage Prepare Base Model stage completed <<<<<<

x==========x]
[2025-07-22 02:12:51,498: INFO: main: >>>>>> stage Model Training stage started <<<<<<]
[2025-07-22 02:12:51,530: INFO: common: yaml file: config\config.yaml loaded successfully]
[2025-07-22 02:12:51,546: INFO: common: yaml file: params.yaml loaded successfully]
[2025-07-22 02:12:51,546: INFO: common: created directory at: artifacts]
[2025-07-22 02:12:51,546: INFO: common: created directory at: artifacts/model_training]
[2025-07-22 02:12:51,546: INFO: model_training: Using device for model training: cuda]
[2025-07-22 02:12:52,118: INFO: model_training: Loaded updated base model from artifacts\prepare_base_model\updated_base_model.pth to cuda.]
[2025-07-22 02:12:52,118: INFO: model_training: Criterion, Optimizer, and Scheduler initialized.]
[2025-07-22 02:12:52,194: INFO: model_training: DataLoaders prepared for training.]
[2025-07-22 02:12:52,228: INFO: model_training: Epoch 1/60]
[2025-07-22 02:12:52,228: INFO: model_training: ----------]
[2025-07-22 02:17:54,214: INFO: model_training: train Loss: 0.4416 Acc: 0.8439]
[2025-07-22 02:20:34,576: INFO: model_training: val Loss: 0.5900 Acc: 0.8084]
[2025-07-22 02:20:34,720: INFO: model_training: New best validation accuracy: 0.8084. Saving model weights.]
[2025-07-22 02:20:34,889: INFO: model_training: Epoch 2/60]
[2025-07-22 02:20:34,889: INFO: model_training: ----------]
[2025-07-22 02:25:10,090: INFO: model_training: train Loss: 0.2569 Acc: 0.9114]
[2025-07-22 02:27:24,493: INFO: model_training: val Loss: 0.2073 Acc: 0.9178]
[2025-07-22 02:27:24,523: INFO: model_training: New best validation accuracy: 0.9178. Saving model weights.]
[2025-07-22 02:27:24,702: INFO: model_training: Epoch 3/60]
[2025-07-22 02:27:24,702: INFO: model_training: ----------]
[2025-07-22 02:32:02,495: INFO: model_training: train Loss: 0.1981 Acc: 0.9343]
[2025-07-22 02:34:51,894: INFO: model_training: val Loss: 0.2485 Acc: 0.9204]
[2025-07-22 02:34:51,918: INFO: model_training: New best validation accuracy: 0.9204. Saving model weights.]
[2025-07-22 02:34:52,101: INFO: model_training: Epoch 4/60]
[2025-07-22 02:34:52,101: INFO: model_training: ----------]
[2025-07-22 02:39:54,359: INFO: model_training: train Loss: 0.1620 Acc: 0.9475]
[2025-07-22 02:42:06,613: INFO: model_training: val Loss: 0.2938 Acc: 0.9099]
[2025-07-22 02:42:06,613: INFO: model_training: Validation accuracy did not improve. No improvement for 1 epochs.]
[2025-07-22 02:42:06,613: INFO: model_training: Epoch 5/60]
[2025-07-22 02:42:06,613: INFO: model_training: ----------]
[2025-07-22 02:45:14,249: INFO: model_training: train Loss: 0.1296 Acc: 0.9575]
[2025-07-22 02:46:23,297: INFO: model_training: val Loss: 0.1075 Acc: 0.9685]
[2025-07-22 02:46:23,319: INFO: model_training: New best validation accuracy: 0.9685. Saving model weights.]
[2025-07-22 02:46:23,423: INFO: model_training: Epoch 6/60]
[2025-07-22 02:46:23,423: INFO: model_training: ----------]
[2025-07-22 02:49:15,983: INFO: model_training: train Loss: 0.1253 Acc: 0.9536]
[2025-07-22 02:50:23,151: INFO: model_training: val Loss: 0.4127 Acc: 0.9038]
[2025-07-22 02:50:23,151: INFO: model_training: Validation accuracy did not improve. No improvement for 1 epochs.]
[2025-07-22 02:50:23,151: INFO: model_training: Epoch 7/60]
[2025-07-22 02:50:23,151: INFO: model_training: ----------]
[2025-07-22 02:53:17,971: INFO: model_training: train Loss: 0.1371 Acc: 0.9549]
[2025-07-22 02:54:24,460: INFO: model_training: val Loss: 0.1262 Acc: 0.9545]
[2025-07-22 02:54:24,460: INFO: model_training: Validation accuracy did not improve. No improvement for 2 epochs.]
[2025-07-22 02:54:24,460: INFO: model_training: Epoch 8/60]
[2025-07-22 02:54:24,460: INFO: model_training: ----------]
[2025-07-22 02:57:21,827: INFO: model_training: train Loss: 0.0552 Acc: 0.9823]
[2025-07-22 02:58:31,797: INFO: model_training: val Loss: 0.0607 Acc: 0.9799]
[2025-07-22 02:58:31,816: INFO: model_training: New best validation accuracy: 0.9799. Saving model weights.]
[2025-07-22 02:58:31,898: INFO: model_training: Epoch 9/60]
[2025-07-22 02:58:31,907: INFO: model_training: ----------]
[2025-07-22 03:01:27,470: INFO: model_training: train Loss: 0.0311 Acc: 0.9917]
[2025-07-22 03:02:39,304: INFO: model_training: val Loss: 0.0483 Acc: 0.9816]
[2025-07-22 03:02:39,320: INFO: model_training: New best validation accuracy: 0.9816. Saving model weights.]
[2025-07-22 03:02:39,412: INFO: model_training: Epoch 10/60]
[2025-07-22 03:02:39,422: INFO: model_training: ----------]
[2025-07-22 03:05:33,296: INFO: model_training: train Loss: 0.0258 Acc: 0.9910]
[2025-07-22 03:06:40,629: INFO: model_training: val Loss: 0.0626 Acc: 0.9808]
[2025-07-22 03:06:40,629: INFO: model_training: Validation accuracy did not improve. No improvement for 1 epochs.]
[2025-07-22 03:06:40,629: INFO: model_training: Epoch 11/60]
[2025-07-22 03:06:40,629: INFO: model_training: ----------]
[2025-07-22 03:09:34,522: INFO: model_training: train Loss: 0.0211 Acc: 0.9937]
[2025-07-22 03:10:41,039: INFO: model_training: val Loss: 0.0470 Acc: 0.9834]
[2025-07-22 03:10:41,042: INFO: model_training: New best validation accuracy: 0.9834. Saving model weights.]
[2025-07-22 03:10:41,137: INFO: model_training: Epoch 12/60]
[2025-07-22 03:10:41,150: INFO: model_training: ----------]
[2025-07-22 03:13:38,101: INFO: model_training: train Loss: 0.0188 Acc: 0.9939]
[2025-07-22 03:14:45,560: INFO: model_training: val Loss: 0.0472 Acc: 0.9808]
[2025-07-22 03:14:45,561: INFO: model_training: Validation accuracy did not improve. No improvement for 1 epochs.]
[2025-07-22 03:14:45,561: INFO: model_training: Epoch 13/60]
[2025-07-22 03:14:45,561: INFO: model_training: ----------]
[2025-07-22 03:17:41,734: INFO: model_training: train Loss: 0.0125 Acc: 0.9969]
[2025-07-22 03:18:48,489: INFO: model_training: val Loss: 0.0567 Acc: 0.9851]
[2025-07-22 03:18:48,493: INFO: model_training: New best validation accuracy: 0.9851. Saving model weights.]
[2025-07-22 03:18:48,585: INFO: model_training: Epoch 14/60]
[2025-07-22 03:18:48,585: INFO: model_training: ----------]
[2025-07-22 03:21:43,068: INFO: model_training: train Loss: 0.0131 Acc: 0.9954]
[2025-07-22 03:22:51,113: INFO: model_training: val Loss: 0.0627 Acc: 0.9825]
[2025-07-22 03:22:51,114: INFO: model_training: Validation accuracy did not improve. No improvement for 1 epochs.]
[2025-07-22 03:22:51,114: INFO: model_training: Epoch 15/60]
[2025-07-22 03:22:51,114: INFO: model_training: ----------]
[2025-07-22 03:25:48,340: INFO: model_training: train Loss: 0.0104 Acc: 0.9976]
[2025-07-22 03:26:54,675: INFO: model_training: val Loss: 0.0597 Acc: 0.9851]
[2025-07-22 03:26:54,675: INFO: model_training: Validation accuracy did not improve. No improvement for 2 epochs.]
[2025-07-22 03:26:54,675: INFO: model_training: Epoch 16/60]
[2025-07-22 03:26:54,679: INFO: model_training: ----------]
[2025-07-22 03:29:51,622: INFO: model_training: train Loss: 0.0130 Acc: 0.9963]
[2025-07-22 03:30:57,695: INFO: model_training: val Loss: 0.0540 Acc: 0.9860]
[2025-07-22 03:30:57,710: INFO: model_training: New best validation accuracy: 0.9860. Saving model weights.]
[2025-07-22 03:30:57,785: INFO: model_training: Epoch 17/60]
[2025-07-22 03:30:57,785: INFO: model_training: ----------]
[2025-07-22 03:33:53,946: INFO: model_training: train Loss: 0.0119 Acc: 0.9967]
[2025-07-22 03:34:59,989: INFO: model_training: val Loss: 0.0507 Acc: 0.9816]
[2025-07-22 03:34:59,989: INFO: model_training: Validation accuracy did not improve. No improvement for 1 epochs.]
[2025-07-22 03:34:59,994: INFO: model_training: Epoch 18/60]
[2025-07-22 03:34:59,994: INFO: model_training: ----------]
[2025-07-22 03:37:56,165: INFO: model_training: train Loss: 0.0090 Acc: 0.9982]
[2025-07-22 03:39:02,576: INFO: model_training: val Loss: 0.0487 Acc: 0.9851]
[2025-07-22 03:39:02,576: INFO: model_training: Validation accuracy did not improve. No improvement for 2 epochs.]
[2025-07-22 03:39:02,576: INFO: model_training: Epoch 19/60]
[2025-07-22 03:39:02,576: INFO: model_training: ----------]
[2025-07-22 03:41:59,332: INFO: model_training: train Loss: 0.0102 Acc: 0.9972]
[2025-07-22 03:43:06,358: INFO: model_training: val Loss: 0.0493 Acc: 0.9834]
[2025-07-22 03:43:06,358: INFO: model_training: Validation accuracy did not improve. No improvement for 3 epochs.]
[2025-07-22 03:43:06,360: INFO: model_training: Epoch 20/60]
[2025-07-22 03:43:06,360: INFO: model_training: ----------]
[2025-07-22 03:46:03,760: INFO: model_training: train Loss: 0.0096 Acc: 0.9972]
[2025-07-22 03:47:10,605: INFO: model_training: val Loss: 0.0558 Acc: 0.9825]
[2025-07-22 03:47:10,605: INFO: model_training: Validation accuracy did not improve. No improvement for 4 epochs.]
[2025-07-22 03:47:10,605: INFO: model_training: Epoch 21/60]
[2025-07-22 03:47:10,605: INFO: model_training: ----------]
[2025-07-22 03:50:06,994: INFO: model_training: train Loss: 0.0084 Acc: 0.9980]
[2025-07-22 03:51:13,533: INFO: model_training: val Loss: 0.0482 Acc: 0.9825]
[2025-07-22 03:51:13,533: INFO: model_training: Validation accuracy did not improve. No improvement for 5 epochs.]
[2025-07-22 03:51:13,534: INFO: model_training: Early stopping triggered after 21 epochs due to no improvement for 5 epochs.]
[2025-07-22 03:51:13,534: INFO: model_training: Training complete in 98m 21s]
[2025-07-22 03:51:13,534: INFO: model_training: Best val Acc: 0.9860]
[2025-07-22 03:51:13,540: INFO: model_training: Final trained model (best weights) saved to: artifacts\model_training\model.pth]
[2025-07-22 03:52:21,454: INFO: model_training: Test Accuracy: 0.9916]
[2025-07-22 03:52:21,460: INFO: stage_04_model_training: Model training and evaluation completed successfully.]
[2025-07-22 03:52:21,460: INFO: main: >>>>>>> stage Model Training stage completed <<<<<<

x==========x]
[2025-07-22 03:52:21,460: INFO: main: >>>>>> stage Model Evaluation stage started <<<<<<]
[2025-07-22 03:52:21,467: INFO: common: yaml file: config\config.yaml loaded successfully]
[2025-07-22 03:52:21,470: INFO: common: yaml file: params.yaml loaded successfully]
[2025-07-22 03:52:21,470: INFO: common: created directory at: artifacts]
[2025-07-22 03:52:21,470: INFO: common: created directory at: artifacts/model_evaluation]
[2025-07-22 03:52:21,473: INFO: model_evaluation: Using device for model evaluation: cuda]
[2025-07-22 03:52:21,836: INFO: model_evaluation: Model loaded successfully from artifacts\model_training\model.pth.]
[2025-07-22 03:52:21,848: INFO: model_evaluation: Test DataLoader created with 82 batches from artifacts\data_ingestion\archive (3)\Testing.]
[2025-07-22 03:52:21,850: INFO: model_evaluation: Evaluation component initialized. Model loaded, test loader ready.]
[2025-07-22 03:53:29,316: INFO: model_evaluation: Evaluation metrics saved to: artifacts\model_evaluation\evaluation_metrics.json]
[2025-07-22 03:53:29,316: INFO: model_evaluation: Test Accuracy: 0.9916]
[2025-07-22 03:53:29,316: INFO: model_evaluation: Classification Report:
{
    "glioma": {
        "precision": 0.9966555183946488,
        "recall": 0.9933333333333333,
        "f1-score": 0.994991652754591,
        "support": 300.0
    },
    "meningioma": {
        "precision": 0.9804560260586319,
        "recall": 0.9836601307189542,
        "f1-score": 0.9820554649265906,
        "support": 306.0
    },
    "notumor": {
        "precision": 1.0,
        "recall": 0.9925925925925926,
        "f1-score": 0.9962825278810409,
        "support": 405.0
    },
    "pituitary": {
        "precision": 0.9867986798679867,
        "recall": 0.9966666666666667,
        "f1-score": 0.9917081260364843,
        "support": 300.0
    },
    "accuracy": 0.9916094584286804,
    "macro avg": {
        "precision": 0.9909775560803168,
        "recall": 0.9915631808278866,
        "f1-score": 0.9912594428996767,
        "support": 1311.0
    },
    "weighted avg": {
        "precision": 0.9916520239914051,
        "recall": 0.9916094584286804,
        "f1-score": 0.991619626008147,
        "support": 1311.0
    }
}]
[2025-07-22 03:53:29,331: INFO: model_evaluation: Confusion Matrix:
[
    [
        298,
        2,
        0,
        0
    ],
    [
        1,
        301,
        0,
        4
    ],
    [
        0,
        3,
        402,
        0
    ],
    [
        0,
        1,
        0,
        299
    ]
]]
[2025-07-22 03:53:29,331: INFO: stage_05_model_evaluation: Model evaluation completed. Metrics: {'accuracy': 0.9916094584286804, 'classification_report': {'glioma': {'precision': 0.9966555183946488, 'recall': 0.9933333333333333, 'f1-score': 0.994991652754591, 'support': 300.0}, 'meningioma': {'precision': 0.9804560260586319, 'recall': 0.9836601307189542, 'f1-score': 0.9820554649265906, 'support': 306.0}, 'notumor': {'precision': 1.0, 'recall': 0.9925925925925926, 'f1-score': 0.9962825278810409, 'support': 405.0}, 'pituitary': {'precision': 0.9867986798679867, 'recall': 0.9966666666666667, 'f1-score': 0.9917081260364843, 'support': 300.0}, 'accuracy': 0.9916094584286804, 'macro avg': {'precision': 0.9909775560803168, 'recall': 0.9915631808278866, 'f1-score': 0.9912594428996767, 'support': 1311.0}, 'weighted avg': {'precision': 0.9916520239914051, 'recall': 0.9916094584286804, 'f1-score': 0.991619626008147, 'support': 1311.0}}, 'confusion_matrix': [[298, 2, 0, 0], [1, 301, 0, 4], [0, 3, 402, 0], [0, 1, 0, 299]]}]
[2025-07-22 03:53:29,331: INFO: main: >>>>>>> stage Model Evaluation stage completed <<<<<<

x==========x]
[2025-07-22 03:53:29,331: INFO: main: >>>>>> stage Model Prediction stage started <<<<<<]
[2025-07-22 03:53:29,333: INFO: common: yaml file: config\config.yaml loaded successfully]
[2025-07-22 03:53:29,333: INFO: common: yaml file: params.yaml loaded successfully]
[2025-07-22 03:53:29,333: INFO: common: created directory at: artifacts]
[2025-07-22 03:53:29,333: INFO: common: created directory at: artifacts/model_prediction]
[2025-07-22 03:53:29,333: INFO: model_prediction: Using device for prediction: cuda]
[2025-07-22 03:53:29,640: INFO: model_prediction: Model loaded successfully from artifacts\model_training\model.pth.]
[2025-07-22 03:53:29,640: INFO: model_prediction: Image transformation pipeline for prediction created.]
[2025-07-22 03:53:29,640: INFO: model_prediction: Prediction component initialized. Model loaded, transforms ready.]
[2025-07-22 03:53:29,658: INFO: model_prediction: Image loaded: artifacts\data_ingestion\archive (3)\Testing\meningioma\Te-me_0018.jpg]
[2025-07-22 03:53:29,662: INFO: model_prediction: Type of input_tensor after transform: <class 'torch.Tensor'>]
[2025-07-22 03:53:29,662: INFO: model_prediction: Image transformed and moved to device. Shape: torch.Size([1, 3, 224, 224])]
[2025-07-22 03:53:29,841: INFO: model_prediction: Prediction for artifacts\data_ingestion\archive (3)\Testing\meningioma\Te-me_0018.jpg: Class Index 1, Class Name: meningioma]
[2025-07-22 03:53:29,843: INFO: stage_06_model_prediction: Prediction for image 'Te-me_0018.jpg': meningioma with probabilities: [3.591985660023056e-05, 0.9994862079620361, 2.935061274911277e-05, 0.0004484185774344951]]
[2025-07-22 03:53:29,843: INFO: main: Final Prediction for Te-me_0018.jpg: Predicted Class = meningioma, Probabilities = [3.591985660023056e-05, 0.9994862079620361, 2.935061274911277e-05, 0.0004484185774344951]]
[2025-07-22 03:53:29,843: INFO: main: >>>>>>> stage Model Prediction stage completed <<<<<<

x==========x]
[2025-07-23 00:48:27,675: INFO: stage_01_data_ingestion: >>>>>> stage Data Ingestion stage started <<<<<<]
[2025-07-23 00:48:27,683: INFO: common: yaml file: config\config.yaml loaded successfully]
[2025-07-23 00:48:27,686: INFO: common: yaml file: params.yaml loaded successfully]
[2025-07-23 00:48:27,686: INFO: common: created directory at: artifacts]
[2025-07-23 00:48:27,687: INFO: common: created directory at: artifacts/data_ingestion]
[2025-07-23 00:48:27,687: INFO: data_ingestion: Downloading from Google Drive...]
[2025-07-23 00:48:41,895: INFO: stage_01_data_ingestion: >>>>>> stage Data Ingestion stage completed <<<<<<

x==========x]
[2025-07-23 00:50:56,124: INFO: stage_02_data_transformation: >>>>>> stage Data Transformation stage started <<<<<<]
[2025-07-23 00:50:56,126: INFO: common: yaml file: config\config.yaml loaded successfully]
[2025-07-23 00:50:56,135: INFO: common: yaml file: params.yaml loaded successfully]
[2025-07-23 00:50:56,135: INFO: common: created directory at: artifacts]
[2025-07-23 00:50:56,135: INFO: common: created directory at: artifacts/data_transformation]
[2025-07-23 00:50:56,135: INFO: data_transformation: Data Transformation initialized with config: DataTransformationConfig(root_dir=WindowsPath('artifacts/data_transformation'), image_size=[224, 224], batch_size=16, is_augmentation=True, num_classes=4, training_data=WindowsPath('artifacts/data_ingestion/archive (3)/Training'), testing_data=WindowsPath('artifacts/data_ingestion/archive (3)/Testing'))]
[2025-07-23 00:50:56,194: INFO: data_transformation: Loaded full training dataset from: artifacts\data_ingestion\archive (3)\Training]
[2025-07-23 00:50:56,205: INFO: data_transformation: Loaded testing dataset from: artifacts\data_ingestion\archive (3)\Testing]
[2025-07-23 00:50:56,205: INFO: data_transformation: Detected classes: ['glioma', 'meningioma', 'notumor', 'pituitary']]
[2025-07-23 00:50:56,236: INFO: data_transformation: Split training data: 4569 samples for training, 1143 samples for validation.]
[2025-07-23 00:50:56,236: INFO: data_transformation: Train DataLoader created with 286 batches.]
[2025-07-23 00:50:56,236: INFO: data_transformation: Validation DataLoader created with 72 batches.]
[2025-07-23 00:50:56,236: INFO: data_transformation: Test DataLoader created with 82 batches.]
[2025-07-23 00:50:56,236: INFO: stage_02_data_transformation: DataLoaders successfully created and classes identified: ['glioma', 'meningioma', 'notumor', 'pituitary']]
[2025-07-23 00:50:56,243: INFO: stage_02_data_transformation: >>>>>>> stage Data Transformation stage completed <<<<<<

x==========x]
[2025-07-23 00:51:06,286: INFO: stage_03_prepare_base_model: >>>>>> stage Prepare Base Model stage started <<<<<<]
[2025-07-23 00:51:06,292: INFO: common: yaml file: config\config.yaml loaded successfully]
[2025-07-23 00:51:06,294: INFO: common: yaml file: params.yaml loaded successfully]
[2025-07-23 00:51:06,295: INFO: common: created directory at: artifacts]
[2025-07-23 00:51:06,302: INFO: common: created directory at: artifacts/prepare_base_model]
[2025-07-23 00:51:06,406: INFO: prepare_base_model: Using device for model preparation: cuda]
[2025-07-23 00:51:07,410: INFO: prepare_base_model: Loaded pre-trained ResNet18 model.]
[2025-07-23 00:51:07,410: INFO: prepare_base_model: Frozen all parameters in the base model (feature extractor).]
[2025-07-23 00:51:07,500: INFO: prepare_base_model: Initial base model (state_dict) saved to: artifacts\prepare_base_model\base_model.pth]
[2025-07-23 00:51:07,500: INFO: prepare_base_model: Modified final FC layer to have 4 output features.]
[2025-07-23 00:51:07,656: INFO: prepare_base_model: Model moved to cuda.]
[2025-07-23 00:51:07,745: INFO: prepare_base_model: Updated base model (state_dict) saved to: artifacts\prepare_base_model\updated_base_model.pth]
[2025-07-23 00:51:07,745: INFO: stage_03_prepare_base_model: >>>>>>> stage Prepare Base Model stage completed <<<<<<

x==========x]
[2025-07-23 00:51:17,216: INFO: stage_04_model_training: >>>>>> stage Model Training stage started <<<<<<]
[2025-07-23 00:51:17,225: INFO: common: yaml file: config\config.yaml loaded successfully]
[2025-07-23 00:51:17,225: INFO: common: yaml file: params.yaml loaded successfully]
[2025-07-23 00:51:17,225: INFO: common: created directory at: artifacts]
[2025-07-23 00:51:17,225: INFO: common: created directory at: artifacts/model_training]
[2025-07-23 00:51:17,246: INFO: model_training: Using device for model training: cuda]
[2025-07-23 00:51:17,625: INFO: model_training: Loaded updated base model from artifacts\prepare_base_model\updated_base_model.pth to cuda.]
[2025-07-23 00:51:17,625: INFO: model_training: Criterion, Optimizer, and Scheduler initialized.]
[2025-07-23 00:51:17,667: INFO: model_training: DataLoaders prepared for training.]
[2025-07-23 00:51:17,689: INFO: model_training: Epoch 1/60]
[2025-07-23 00:51:17,689: INFO: model_training: ----------]
[2025-07-23 00:53:58,349: INFO: model_training: train Loss: 0.4273 Acc: 0.8387]
[2025-07-23 00:54:49,629: INFO: model_training: val Loss: 0.9367 Acc: 0.6833]
[2025-07-23 00:54:49,749: INFO: model_training: New best validation accuracy: 0.6833. Saving model weights.]
[2025-07-23 00:54:49,848: INFO: model_training: Epoch 2/60]
[2025-07-23 00:54:49,848: INFO: model_training: ----------]
[2025-07-23 00:57:24,182: INFO: model_training: train Loss: 0.2518 Acc: 0.9068]
[2025-07-23 00:58:15,319: INFO: model_training: val Loss: 0.2393 Acc: 0.9169]
[2025-07-23 00:58:15,372: INFO: model_training: New best validation accuracy: 0.9169. Saving model weights.]
[2025-07-23 00:58:15,464: INFO: model_training: Epoch 3/60]
[2025-07-23 00:58:15,464: INFO: model_training: ----------]
[2025-07-23 01:00:53,576: INFO: model_training: train Loss: 0.2080 Acc: 0.9219]
[2025-07-23 01:01:44,752: INFO: model_training: val Loss: 0.1779 Acc: 0.9361]
[2025-07-23 01:01:44,766: INFO: model_training: New best validation accuracy: 0.9361. Saving model weights.]
[2025-07-23 01:01:44,844: INFO: model_training: Epoch 4/60]
[2025-07-23 01:01:44,844: INFO: model_training: ----------]
[2025-07-23 01:04:39,489: INFO: model_training: train Loss: 0.1558 Acc: 0.9453]
[2025-07-23 01:05:32,844: INFO: model_training: val Loss: 0.1188 Acc: 0.9571]
[2025-07-23 01:05:32,855: INFO: model_training: New best validation accuracy: 0.9571. Saving model weights.]
[2025-07-23 01:05:32,945: INFO: model_training: Epoch 5/60]
[2025-07-23 01:05:32,945: INFO: model_training: ----------]
[2025-07-23 01:08:17,153: INFO: model_training: train Loss: 0.1202 Acc: 0.9564]
[2025-07-23 01:09:09,102: INFO: model_training: val Loss: 0.2219 Acc: 0.9221]
[2025-07-23 01:09:09,102: INFO: model_training: Validation accuracy did not improve. No improvement for 1 epochs.]
[2025-07-23 01:09:09,102: INFO: model_training: Epoch 6/60]
[2025-07-23 01:09:09,102: INFO: model_training: ----------]
[2025-07-23 01:11:47,485: INFO: model_training: train Loss: 0.1158 Acc: 0.9624]
[2025-07-23 01:12:39,351: INFO: model_training: val Loss: 0.1523 Acc: 0.9528]
[2025-07-23 01:12:39,351: INFO: model_training: Validation accuracy did not improve. No improvement for 2 epochs.]
[2025-07-23 01:12:39,351: INFO: model_training: Epoch 7/60]
[2025-07-23 01:12:39,351: INFO: model_training: ----------]
[2025-07-23 01:15:17,280: INFO: model_training: train Loss: 0.1223 Acc: 0.9610]
[2025-07-23 01:16:08,256: INFO: model_training: val Loss: 0.1840 Acc: 0.9440]
[2025-07-23 01:16:08,256: INFO: model_training: Validation accuracy did not improve. No improvement for 3 epochs.]
[2025-07-23 01:16:08,256: INFO: model_training: Epoch 8/60]
[2025-07-23 01:16:08,256: INFO: model_training: ----------]
[2025-07-23 01:18:47,577: INFO: model_training: train Loss: 0.0581 Acc: 0.9775]
[2025-07-23 01:19:39,147: INFO: model_training: val Loss: 0.0751 Acc: 0.9781]
[2025-07-23 01:19:39,166: INFO: model_training: New best validation accuracy: 0.9781. Saving model weights.]
[2025-07-23 01:19:39,256: INFO: model_training: Epoch 9/60]
[2025-07-23 01:19:39,256: INFO: model_training: ----------]
[2025-07-23 01:22:20,025: INFO: model_training: train Loss: 0.0384 Acc: 0.9873]
[2025-07-23 01:23:21,517: INFO: model_training: val Loss: 0.0843 Acc: 0.9764]
[2025-07-23 01:23:21,517: INFO: model_training: Validation accuracy did not improve. No improvement for 1 epochs.]
[2025-07-23 01:23:21,517: INFO: model_training: Epoch 10/60]
[2025-07-23 01:23:21,517: INFO: model_training: ----------]
[2025-07-23 01:25:58,419: INFO: model_training: train Loss: 0.0285 Acc: 0.9921]
[2025-07-23 01:26:49,737: INFO: model_training: val Loss: 0.0801 Acc: 0.9764]
[2025-07-23 01:26:49,737: INFO: model_training: Validation accuracy did not improve. No improvement for 2 epochs.]
[2025-07-23 01:26:49,737: INFO: model_training: Epoch 11/60]
[2025-07-23 01:26:49,737: INFO: model_training: ----------]
[2025-07-23 01:29:30,861: INFO: model_training: train Loss: 0.0240 Acc: 0.9937]
[2025-07-23 01:30:23,168: INFO: model_training: val Loss: 0.0838 Acc: 0.9799]
[2025-07-23 01:30:23,184: INFO: model_training: New best validation accuracy: 0.9799. Saving model weights.]
[2025-07-23 01:30:23,277: INFO: model_training: Epoch 12/60]
[2025-07-23 01:30:23,277: INFO: model_training: ----------]
[2025-07-23 01:33:04,993: INFO: model_training: train Loss: 0.0185 Acc: 0.9954]
[2025-07-23 01:33:58,303: INFO: model_training: val Loss: 0.0745 Acc: 0.9851]
[2025-07-23 01:33:58,319: INFO: model_training: New best validation accuracy: 0.9851. Saving model weights.]
[2025-07-23 01:33:58,407: INFO: model_training: Epoch 13/60]
[2025-07-23 01:33:58,407: INFO: model_training: ----------]
[2025-07-23 01:36:41,489: INFO: model_training: train Loss: 0.0150 Acc: 0.9965]
[2025-07-23 01:37:33,439: INFO: model_training: val Loss: 0.0873 Acc: 0.9781]
[2025-07-23 01:37:33,439: INFO: model_training: Validation accuracy did not improve. No improvement for 1 epochs.]
[2025-07-23 01:37:33,439: INFO: model_training: Epoch 14/60]
[2025-07-23 01:37:33,439: INFO: model_training: ----------]
[2025-07-23 01:40:13,136: INFO: model_training: train Loss: 0.0167 Acc: 0.9941]
[2025-07-23 01:41:04,972: INFO: model_training: val Loss: 0.0916 Acc: 0.9808]
[2025-07-23 01:41:04,972: INFO: model_training: Validation accuracy did not improve. No improvement for 2 epochs.]
[2025-07-23 01:41:04,972: INFO: model_training: Epoch 15/60]
[2025-07-23 01:41:04,972: INFO: model_training: ----------]
[2025-07-23 01:43:46,234: INFO: model_training: train Loss: 0.0116 Acc: 0.9963]
[2025-07-23 01:44:37,418: INFO: model_training: val Loss: 0.0717 Acc: 0.9799]
[2025-07-23 01:44:37,418: INFO: model_training: Validation accuracy did not improve. No improvement for 3 epochs.]
[2025-07-23 01:44:37,418: INFO: model_training: Epoch 16/60]
[2025-07-23 01:44:37,418: INFO: model_training: ----------]
[2025-07-23 01:47:19,023: INFO: model_training: train Loss: 0.0123 Acc: 0.9961]
[2025-07-23 01:48:10,486: INFO: model_training: val Loss: 0.0782 Acc: 0.9781]
[2025-07-23 01:48:10,486: INFO: model_training: Validation accuracy did not improve. No improvement for 4 epochs.]
[2025-07-23 01:48:10,486: INFO: model_training: Epoch 17/60]
[2025-07-23 01:48:10,486: INFO: model_training: ----------]
[2025-07-23 01:50:52,544: INFO: model_training: train Loss: 0.0113 Acc: 0.9961]
[2025-07-23 01:51:45,415: INFO: model_training: val Loss: 0.0786 Acc: 0.9808]
[2025-07-23 01:51:45,429: INFO: model_training: Validation accuracy did not improve. No improvement for 5 epochs.]
[2025-07-23 01:51:45,429: INFO: model_training: Early stopping triggered after 17 epochs due to no improvement for 5 epochs.]
[2025-07-23 01:51:45,429: INFO: model_training: Training complete in 60m 28s]
[2025-07-23 01:51:45,429: INFO: model_training: Best val Acc: 0.9851]
[2025-07-23 01:51:45,434: INFO: model_training: Final trained model (best weights) saved to: artifacts\model_training\model.pth]
[2025-07-23 01:52:40,737: INFO: model_training: Test Accuracy: 0.9870]
[2025-07-23 01:52:40,739: INFO: stage_04_model_training: Model training and evaluation completed successfully.]
[2025-07-23 01:52:40,739: INFO: stage_04_model_training: >>>>>>> stage Model Training stage completed <<<<<<

x==========x]
[2025-07-23 01:53:09,748: INFO: stage_05_model_evaluation: >>>>>> stage Model Evaluation stage started <<<<<<]
[2025-07-23 01:53:09,763: INFO: common: yaml file: config\config.yaml loaded successfully]
[2025-07-23 01:53:09,763: INFO: common: yaml file: params.yaml loaded successfully]
[2025-07-23 01:53:09,763: INFO: common: created directory at: artifacts]
[2025-07-23 01:53:09,763: INFO: common: created directory at: artifacts/model_evaluation]
[2025-07-23 01:53:10,131: INFO: model_evaluation: Using device for model evaluation: cuda]
[2025-07-23 01:53:10,943: INFO: model_evaluation: Model loaded successfully from artifacts\model_training\model.pth.]
[2025-07-23 01:53:10,956: INFO: model_evaluation: Test DataLoader created with 82 batches from artifacts\data_ingestion\archive (3)\Testing.]
[2025-07-23 01:53:10,956: INFO: model_evaluation: Evaluation component initialized. Model loaded, test loader ready.]
[2025-07-23 01:54:17,985: INFO: model_evaluation: Evaluation metrics saved to: artifacts\model_evaluation\evaluation_metrics.json]
[2025-07-23 01:54:17,985: INFO: model_evaluation: Test Accuracy: 0.9870]
[2025-07-23 01:54:17,987: INFO: model_evaluation: Classification Report:
{
    "glioma": {
        "precision": 0.9900662251655629,
        "recall": 0.9966666666666667,
        "f1-score": 0.9933554817275747,
        "support": 300.0
    },
    "meningioma": {
        "precision": 0.9833333333333333,
        "recall": 0.9640522875816994,
        "f1-score": 0.9735973597359736,
        "support": 306.0
    },
    "notumor": {
        "precision": 0.9877149877149877,
        "recall": 0.9925925925925926,
        "f1-score": 0.9901477832512315,
        "support": 405.0
    },
    "pituitary": {
        "precision": 0.9867549668874173,
        "recall": 0.9933333333333333,
        "f1-score": 0.9900332225913622,
        "support": 300.0
    },
    "accuracy": 0.9870327993897788,
    "macro avg": {
        "precision": 0.9869673782753252,
        "recall": 0.9866612200435729,
        "f1-score": 0.9867834618265355,
        "support": 1311.0
    },
    "weighted avg": {
        "precision": 0.9870106236769368,
        "recall": 0.9870327993897788,
        "f1-score": 0.9869925671942317,
        "support": 1311.0
    }
}]
[2025-07-23 01:54:17,987: INFO: model_evaluation: Confusion Matrix:
[
    [
        299,
        1,
        0,
        0
    ],
    [
        2,
        295,
        5,
        4
    ],
    [
        0,
        3,
        402,
        0
    ],
    [
        1,
        1,
        0,
        298
    ]
]]
[2025-07-23 01:54:17,987: INFO: stage_05_model_evaluation: Model evaluation completed. Metrics: {'accuracy': 0.9870327993897788, 'classification_report': {'glioma': {'precision': 0.9900662251655629, 'recall': 0.9966666666666667, 'f1-score': 0.9933554817275747, 'support': 300.0}, 'meningioma': {'precision': 0.9833333333333333, 'recall': 0.9640522875816994, 'f1-score': 0.9735973597359736, 'support': 306.0}, 'notumor': {'precision': 0.9877149877149877, 'recall': 0.9925925925925926, 'f1-score': 0.9901477832512315, 'support': 405.0}, 'pituitary': {'precision': 0.9867549668874173, 'recall': 0.9933333333333333, 'f1-score': 0.9900332225913622, 'support': 300.0}, 'accuracy': 0.9870327993897788, 'macro avg': {'precision': 0.9869673782753252, 'recall': 0.9866612200435729, 'f1-score': 0.9867834618265355, 'support': 1311.0}, 'weighted avg': {'precision': 0.9870106236769368, 'recall': 0.9870327993897788, 'f1-score': 0.9869925671942317, 'support': 1311.0}}, 'confusion_matrix': [[299, 1, 0, 0], [2, 295, 5, 4], [0, 3, 402, 0], [1, 1, 0, 298]]}]
[2025-07-23 01:54:17,987: INFO: stage_05_model_evaluation: >>>>>>> stage Model Evaluation stage completed <<<<<<

x==========x]
[2025-07-23 02:51:43,442: INFO: common: yaml file: config\config.yaml loaded successfully]
[2025-07-23 02:51:43,447: INFO: common: yaml file: params.yaml loaded successfully]
[2025-07-23 02:51:43,447: INFO: common: created directory at: artifacts]
[2025-07-23 02:51:43,447: ERROR: app: Failed to initialize prediction service: "'ConfigBox' object has no attribute 'deployment'"]
Traceback (most recent call last):
  File "box\box.py", line 503, in box.box.Box.__getitem__
KeyError: 'deployment'

The above exception was the direct cause of the following exception:

Traceback (most recent call last):
  File "box\box.py", line 536, in box.box.Box.__getattr__
  File "box\box.py", line 524, in box.box.Box.__getitem__
box.exceptions.BoxKeyError: "'deployment'"

During handling of the above exception, another exception occurred:

Traceback (most recent call last):
  File "box\box.py", line 538, in box.box.Box.__getattr__
AttributeError: 'ConfigBox' object has no attribute 'deployment'

The above exception was the direct cause of the following exception:

Traceback (most recent call last):
  File "box\config_box.py", line 28, in box.config_box.ConfigBox.__getattr__
  File "box\box.py", line 552, in box.box.Box.__getattr__
box.exceptions.BoxKeyError: "'ConfigBox' object has no attribute 'deployment'"

During handling of the above exception, another exception occurred:

Traceback (most recent call last):
  File "box\box.py", line 503, in box.box.Box.__getitem__
KeyError: 'deployment'

The above exception was the direct cause of the following exception:

Traceback (most recent call last):
  File "box\box.py", line 536, in box.box.Box.__getattr__
  File "box\box.py", line 524, in box.box.Box.__getitem__
box.exceptions.BoxKeyError: "'deployment'"

During handling of the above exception, another exception occurred:

Traceback (most recent call last):
  File "box\box.py", line 538, in box.box.Box.__getattr__
AttributeError: 'ConfigBox' object has no attribute 'deployment'

The above exception was the direct cause of the following exception:

Traceback (most recent call last):
  File "C:\Users\DELL\cnn-models\app.py", line 56, in initialize_predictor
    deployment_config = config_manager.get_deployment_config()
  File "C:\Users\DELL\cnn-models\src\cnn_classifier\config\configuration.py", line 144, in get_deployment_config
    config = self.config.deployment # Assuming 'deployment' is a section in your config.yaml
  File "box\config_box.py", line 30, in box.config_box.ConfigBox.__getattr__
  File "box\box.py", line 552, in box.box.Box.__getattr__
box.exceptions.BoxKeyError: "'ConfigBox' object has no attribute 'deployment'"
[2025-07-23 02:57:53,053: INFO: common: yaml file: config\config.yaml loaded successfully]
[2025-07-23 02:57:53,053: INFO: common: yaml file: params.yaml loaded successfully]
[2025-07-23 02:57:53,053: INFO: common: created directory at: artifacts]
[2025-07-23 02:57:53,053: INFO: common: created directory at: artifacts/deployment]
[2025-07-23 02:57:53,053: INFO: common: created directory at: static\uploads]
[2025-07-23 02:57:53,834: INFO: model_prediction: Using device for prediction: cuda]
[2025-07-23 02:57:53,961: ERROR: app: Failed to initialize prediction service: [Errno 2] No such file or directory: 'artifacts\\model_training\\model.h5']
Traceback (most recent call last):
  File "C:\Users\DELL\cnn-models\app.py", line 67, in initialize_predictor
    predictor = Prediction(config=prediction_component_config)
  File "C:\Users\DELL\cnn-models\src\cnn_classifier\components\model_prediction.py", line 19, in __init__
    self.model = self._load_model()
  File "C:\Users\DELL\cnn-models\src\cnn_classifier\components\model_prediction.py", line 36, in _load_model
    model.load_state_dict(torch.load(self.config.model_path, map_location=self.device))
  File "D:\New folder\envs\brain_tumour_py39\lib\site-packages\torch\serialization.py", line 1479, in load
    with _open_file_like(f, "rb") as opened_file:
  File "D:\New folder\envs\brain_tumour_py39\lib\site-packages\torch\serialization.py", line 759, in _open_file_like
    return _open_file(name_or_buffer, mode)
  File "D:\New folder\envs\brain_tumour_py39\lib\site-packages\torch\serialization.py", line 740, in __init__
    super().__init__(open(name, mode))
FileNotFoundError: [Errno 2] No such file or directory: 'artifacts\\model_training\\model.h5'
[2025-07-23 03:04:38,195: INFO: common: yaml file: config\config.yaml loaded successfully]
[2025-07-23 03:04:38,195: INFO: common: yaml file: params.yaml loaded successfully]
[2025-07-23 03:04:38,195: INFO: common: created directory at: artifacts]
[2025-07-23 03:04:38,195: ERROR: app: Failed to initialize prediction service: "'ConfigBox' object has no attribute 'deployment'"]
Traceback (most recent call last):
  File "box\box.py", line 503, in box.box.Box.__getitem__
KeyError: 'deployment'

The above exception was the direct cause of the following exception:

Traceback (most recent call last):
  File "box\box.py", line 536, in box.box.Box.__getattr__
  File "box\box.py", line 524, in box.box.Box.__getitem__
box.exceptions.BoxKeyError: "'deployment'"

During handling of the above exception, another exception occurred:

Traceback (most recent call last):
  File "box\box.py", line 538, in box.box.Box.__getattr__
AttributeError: 'ConfigBox' object has no attribute 'deployment'

The above exception was the direct cause of the following exception:

Traceback (most recent call last):
  File "box\config_box.py", line 28, in box.config_box.ConfigBox.__getattr__
  File "box\box.py", line 552, in box.box.Box.__getattr__
box.exceptions.BoxKeyError: "'ConfigBox' object has no attribute 'deployment'"

During handling of the above exception, another exception occurred:

Traceback (most recent call last):
  File "box\box.py", line 503, in box.box.Box.__getitem__
KeyError: 'deployment'

The above exception was the direct cause of the following exception:

Traceback (most recent call last):
  File "box\box.py", line 536, in box.box.Box.__getattr__
  File "box\box.py", line 524, in box.box.Box.__getitem__
box.exceptions.BoxKeyError: "'deployment'"

During handling of the above exception, another exception occurred:

Traceback (most recent call last):
  File "box\box.py", line 538, in box.box.Box.__getattr__
AttributeError: 'ConfigBox' object has no attribute 'deployment'

The above exception was the direct cause of the following exception:

Traceback (most recent call last):
  File "C:\Users\DELL\cnn-models\app.py", line 56, in initialize_predictor
    deployment_config = config_manager.get_deployment_config()
  File "C:\Users\DELL\cnn-models\src\cnn_classifier\config\configuration.py", line 144, in get_deployment_config
    config = self.config.deployment # Assuming 'deployment' is a section in your config.yaml
  File "box\config_box.py", line 30, in box.config_box.ConfigBox.__getattr__
  File "box\box.py", line 552, in box.box.Box.__getattr__
box.exceptions.BoxKeyError: "'ConfigBox' object has no attribute 'deployment'"
[2025-07-23 03:08:45,986: INFO: common: yaml file: config\config.yaml loaded successfully]
[2025-07-23 03:08:45,986: INFO: common: yaml file: params.yaml loaded successfully]
[2025-07-23 03:08:45,986: INFO: common: created directory at: artifacts]
[2025-07-23 03:08:45,986: ERROR: app: Failed to initialize prediction service: "'ConfigBox' object has no attribute 'deployment'"]
Traceback (most recent call last):
  File "box\box.py", line 503, in box.box.Box.__getitem__
KeyError: 'deployment'

The above exception was the direct cause of the following exception:

Traceback (most recent call last):
  File "box\box.py", line 536, in box.box.Box.__getattr__
  File "box\box.py", line 524, in box.box.Box.__getitem__
box.exceptions.BoxKeyError: "'deployment'"

During handling of the above exception, another exception occurred:

Traceback (most recent call last):
  File "box\box.py", line 538, in box.box.Box.__getattr__
AttributeError: 'ConfigBox' object has no attribute 'deployment'

The above exception was the direct cause of the following exception:

Traceback (most recent call last):
  File "box\config_box.py", line 28, in box.config_box.ConfigBox.__getattr__
  File "box\box.py", line 552, in box.box.Box.__getattr__
box.exceptions.BoxKeyError: "'ConfigBox' object has no attribute 'deployment'"

During handling of the above exception, another exception occurred:

Traceback (most recent call last):
  File "box\box.py", line 503, in box.box.Box.__getitem__
KeyError: 'deployment'

The above exception was the direct cause of the following exception:

Traceback (most recent call last):
  File "box\box.py", line 536, in box.box.Box.__getattr__
  File "box\box.py", line 524, in box.box.Box.__getitem__
box.exceptions.BoxKeyError: "'deployment'"

During handling of the above exception, another exception occurred:

Traceback (most recent call last):
  File "box\box.py", line 538, in box.box.Box.__getattr__
AttributeError: 'ConfigBox' object has no attribute 'deployment'

The above exception was the direct cause of the following exception:

Traceback (most recent call last):
  File "C:\Users\DELL\cnn-models\app.py", line 56, in initialize_predictor
    deployment_config = config_manager.get_deployment_config()
  File "C:\Users\DELL\cnn-models\src\cnn_classifier\config\configuration.py", line 144, in get_deployment_config
    config = self.config.deployment # Assuming 'deployment' is a section in your config.yaml
  File "box\config_box.py", line 30, in box.config_box.ConfigBox.__getattr__
  File "box\box.py", line 552, in box.box.Box.__getattr__
box.exceptions.BoxKeyError: "'ConfigBox' object has no attribute 'deployment'"
[2025-07-23 03:17:51,080: INFO: common: yaml file: config\config.yaml loaded successfully]
[2025-07-23 03:17:51,080: INFO: common: yaml file: params.yaml loaded successfully]
[2025-07-23 03:17:51,080: INFO: common: created directory at: artifacts]
[2025-07-23 03:17:51,080: ERROR: app: Failed to initialize prediction service: "'ConfigBox' object has no attribute 'deployment'"]
Traceback (most recent call last):
  File "box\box.py", line 503, in box.box.Box.__getitem__
KeyError: 'deployment'

The above exception was the direct cause of the following exception:

Traceback (most recent call last):
  File "box\box.py", line 536, in box.box.Box.__getattr__
  File "box\box.py", line 524, in box.box.Box.__getitem__
box.exceptions.BoxKeyError: "'deployment'"

During handling of the above exception, another exception occurred:

Traceback (most recent call last):
  File "box\box.py", line 538, in box.box.Box.__getattr__
AttributeError: 'ConfigBox' object has no attribute 'deployment'

The above exception was the direct cause of the following exception:

Traceback (most recent call last):
  File "box\config_box.py", line 28, in box.config_box.ConfigBox.__getattr__
  File "box\box.py", line 552, in box.box.Box.__getattr__
box.exceptions.BoxKeyError: "'ConfigBox' object has no attribute 'deployment'"

During handling of the above exception, another exception occurred:

Traceback (most recent call last):
  File "box\box.py", line 503, in box.box.Box.__getitem__
KeyError: 'deployment'

The above exception was the direct cause of the following exception:

Traceback (most recent call last):
  File "box\box.py", line 536, in box.box.Box.__getattr__
  File "box\box.py", line 524, in box.box.Box.__getitem__
box.exceptions.BoxKeyError: "'deployment'"

During handling of the above exception, another exception occurred:

Traceback (most recent call last):
  File "box\box.py", line 538, in box.box.Box.__getattr__
AttributeError: 'ConfigBox' object has no attribute 'deployment'

The above exception was the direct cause of the following exception:

Traceback (most recent call last):
  File "C:\Users\DELL\cnn-models\app.py", line 56, in initialize_predictor
    deployment_config = config_manager.get_deployment_config()
  File "C:\Users\DELL\cnn-models\src\cnn_classifier\config\configuration.py", line 144, in get_deployment_config
    config = self.config.deployment # Assuming 'deployment' is a section in your config.yaml
  File "box\config_box.py", line 30, in box.config_box.ConfigBox.__getattr__
  File "box\box.py", line 552, in box.box.Box.__getattr__
box.exceptions.BoxKeyError: "'ConfigBox' object has no attribute 'deployment'"
[2025-07-23 03:35:24,802: INFO: common: yaml file: config\config.yaml loaded successfully]
[2025-07-23 03:35:24,804: INFO: common: yaml file: params.yaml loaded successfully]
[2025-07-23 03:35:24,804: INFO: common: created directory at: artifacts]
[2025-07-23 03:35:24,804: ERROR: app: Failed to initialize prediction service: "'ConfigBox' object has no attribute 'deployment'"]
Traceback (most recent call last):
  File "box\box.py", line 503, in box.box.Box.__getitem__
KeyError: 'deployment'

The above exception was the direct cause of the following exception:

Traceback (most recent call last):
  File "box\box.py", line 536, in box.box.Box.__getattr__
  File "box\box.py", line 524, in box.box.Box.__getitem__
box.exceptions.BoxKeyError: "'deployment'"

During handling of the above exception, another exception occurred:

Traceback (most recent call last):
  File "box\box.py", line 538, in box.box.Box.__getattr__
AttributeError: 'ConfigBox' object has no attribute 'deployment'

The above exception was the direct cause of the following exception:

Traceback (most recent call last):
  File "box\config_box.py", line 28, in box.config_box.ConfigBox.__getattr__
  File "box\box.py", line 552, in box.box.Box.__getattr__
box.exceptions.BoxKeyError: "'ConfigBox' object has no attribute 'deployment'"

During handling of the above exception, another exception occurred:

Traceback (most recent call last):
  File "box\box.py", line 503, in box.box.Box.__getitem__
KeyError: 'deployment'

The above exception was the direct cause of the following exception:

Traceback (most recent call last):
  File "box\box.py", line 536, in box.box.Box.__getattr__
  File "box\box.py", line 524, in box.box.Box.__getitem__
box.exceptions.BoxKeyError: "'deployment'"

During handling of the above exception, another exception occurred:

Traceback (most recent call last):
  File "box\box.py", line 538, in box.box.Box.__getattr__
AttributeError: 'ConfigBox' object has no attribute 'deployment'

The above exception was the direct cause of the following exception:

Traceback (most recent call last):
  File "C:\Users\DELL\cnn-models\app.py", line 56, in initialize_predictor
    deployment_config = config_manager.get_deployment_config()
  File "C:\Users\DELL\cnn-models\src\cnn_classifier\config\configuration.py", line 144, in get_deployment_config
    config = self.config.deployment # Assuming 'deployment' is a section in your config.yaml
  File "box\config_box.py", line 30, in box.config_box.ConfigBox.__getattr__
  File "box\box.py", line 552, in box.box.Box.__getattr__
box.exceptions.BoxKeyError: "'ConfigBox' object has no attribute 'deployment'"
[2025-07-23 03:38:33,722: INFO: common: yaml file: config\config.yaml loaded successfully]
[2025-07-23 03:38:33,722: INFO: common: yaml file: params.yaml loaded successfully]
[2025-07-23 03:38:33,722: INFO: common: created directory at: artifacts]
[2025-07-23 03:38:33,722: INFO: common: created directory at: artifacts/model_deployment]
[2025-07-23 03:38:33,722: INFO: common: created directory at: static\uploads]
[2025-07-23 03:38:34,473: INFO: model_prediction: Using device for prediction: cuda]
[2025-07-23 03:38:35,270: INFO: model_prediction: Model loaded successfully from artifacts\model_training\model.pth.]
[2025-07-23 03:38:35,270: INFO: model_prediction: Image transformation pipeline for prediction created.]
[2025-07-23 03:38:35,270: INFO: model_prediction: Prediction component initialized. Model loaded, transforms ready.]
[2025-07-23 03:38:35,270: INFO: app: Prediction service initialized successfully.]
[2025-07-23 03:38:35,270: INFO: app: Starting Flask application on 0.0.0.0:8080]
[2025-07-23 03:38:35,641: INFO: _internal: [31m[1mWARNING: This is a development server. Do not use it in a production deployment. Use a production WSGI server instead.[0m
 * Running on all addresses (0.0.0.0)
 * Running on http://127.0.0.1:8080
 * Running on http://192.168.1.17:8080]
[2025-07-23 03:38:35,641: INFO: _internal: [33mPress CTRL+C to quit[0m]
[2025-07-23 03:38:35,653: INFO: _internal:  * Restarting with stat]
[2025-07-23 03:38:41,220: INFO: common: yaml file: config\config.yaml loaded successfully]
[2025-07-23 03:38:41,222: INFO: common: yaml file: params.yaml loaded successfully]
[2025-07-23 03:38:41,222: INFO: common: created directory at: artifacts]
[2025-07-23 03:38:41,222: INFO: common: created directory at: artifacts/model_deployment]
[2025-07-23 03:38:41,222: INFO: common: created directory at: static\uploads]
[2025-07-23 03:38:41,240: INFO: model_prediction: Using device for prediction: cuda]
[2025-07-23 03:38:41,650: INFO: model_prediction: Model loaded successfully from artifacts\model_training\model.pth.]
[2025-07-23 03:38:41,650: INFO: model_prediction: Image transformation pipeline for prediction created.]
[2025-07-23 03:38:41,650: INFO: model_prediction: Prediction component initialized. Model loaded, transforms ready.]
[2025-07-23 03:38:41,650: INFO: app: Prediction service initialized successfully.]
[2025-07-23 03:38:41,650: INFO: app: Starting Flask application on 0.0.0.0:8080]
[2025-07-23 03:38:41,661: WARNING: _internal:  * Debugger is active!]
[2025-07-23 03:38:41,664: INFO: _internal:  * Debugger PIN: 264-676-673]
[2025-07-23 03:41:27,394: ERROR: _internal: 192.168.1.17 - - [23/Jul/2025 03:41:27] code 400, message Bad request version ('\x9dòìôYqT\x9d}H=¨µdÛ\x8eI«*nå\x19\x95\x83pË\x00')]
[2025-07-23 03:41:27,395: INFO: _internal: 192.168.1.17 - - [23/Jul/2025 03:41:27] "[35m[1m\x16\x03\x01\x06à\x01\x00\x06Ü\x03\x03^ı ©»\x13\\ ·/ôã\x19­\x97Î6\x97Õ¿ğ¦Ğ4\x9b±´I\x8a\x0b<á 0Óâ H±\x09ô\x82$x¾o\x12²ÁDó·!\x89ÕaM¸\x17Á3Üğ\x85·\x00 JJ\x13\x01\x13\x02\x13\x03À+À/À,À0Ì©Ì¨À\x13À\x14\x00\x9c\x00\x9d\x00/\x005\x01\x00\x06sjj\x00\x00\x00\x1b\x00\x03\x02\x00\x02\x00\x12\x00\x00\x00#\x00\x00\x00-\x00\x02\x01\x01DÍ\x00\x05\x00\x03\x02h2\x00\x05\x00\x05\x01\x00\x00\x00\x00\x00\x0b\x00\x02\x01\x00\x00\x0d\x00\x12\x00\x10\x04\x03\x08\x04\x04\x01\x05\x03\x08\x05\x05\x01\x08\x06\x06\x01\x00\x17\x00\x00\x00\x10\x00\x0e\x00\x0c\x02h2\x08http/1.1ş\x0d\x00ú\x00\x00\x01\x00\x01\x1d\x00 õ¦÷\x9a\x04Ésh\x00ßÈgü%ommD¡8åx\x10T§\x89ı`K0\x99\x1e\x00ĞÙ§¢µ5m\x15i\x81G\x98\x01Lä\x14\x14fixXÔtøeMŞ×*mz®\x9f\x92\x1f*`¦İe\x97êü%Ê\x05\x9bò\x9f8Llc+ù¥áü\x91\x17\x15å3Cm½¦E\x0cÃ³ğŞ\x18\x86\x8e¶ÒÀA\x8e>VtJ\x80Ûïì&:­çÏj/6n<ğL÷xt\x1f\x935.¯ßÏôçTÙ\x92Ø\x9bzKĞ\x9bÁo.åü,\x9b\x90YDë\x12\x8b\x8abN\x9eÑø6hÎ_\x9f³ èú\x8buâ\x08-:\x84\x19\x04YbOñ®$\x9b·Fê\x8fY9ø7ú\x9aÏÙ½d<{\x09\x9dòìôYqT\x9d}H=¨µdÛ\x8eI«*nå\x19\x95\x83pË\x00[0m" HTTPStatus.BAD_REQUEST -]
[2025-07-23 03:41:27,396: ERROR: _internal: 192.168.1.17 - - [23/Jul/2025 03:41:27] code 400, message Bad request version ('\x04\x89\x9f2¶6èbI?î¶ıá\x06¸b\x07\x86\x83àåöOC}ø\x14\x9agûGË/')]
[2025-07-23 03:41:27,396: INFO: _internal: 192.168.1.17 - - [23/Jul/2025 03:41:27] "[35m[1m\x16\x03\x01\x07\x00\x01\x00\x06ü\x03\x03oq\x12\x0eFcÒêÖ¡1\x80#;z$r\x1fSıü\x8cùç¹®¡%O\x92ñ¡ 4´]ô;Ë\x87a?Çák`\x04\x16^\x09\x05qG90ë\x80Û²í[´\x91]ß\x00 jj\x13\x01\x13\x02\x13\x03À+À/À,À0Ì©Ì¨À\x13À\x14\x00\x9c\x00\x9d\x00/\x005\x01\x00\x06\x93zz\x00\x00\x00\x0b\x00\x02\x01\x00\x00\x12\x00\x00\x00\x17\x00\x00ş\x0d\x01\x1a\x00\x00\x01\x00\x01ï\x00 \x19À\x0fÙ\x0bÄ\x13\x9d\x08¤|ô\x95í.\x13·Øo\\Ép\x00Õ\x82¼o($|ª_\x00ğb·ß\x95OJ\x99lQË»ümZÆ\x7f\x1bñQÂ¬b\x0e\x8f\x9eºá\x96ä\x17\x94)ªÓK/\x19U(\x13ô'T\x8e\x8c\x89\x9c\x08fêA9\x03à§OúQ\x11»\x9cN&ıÚ\x1dÅ\x9eÃ*S\x7fØ\x002DGğT\x151\x7fÁn\x85\x00\x06\x85\x04\x89\x9f2¶6èbI?î¶ıá\x06¸b\x07\x86\x83àåöOC}ø\x14\x9agûGË/[0m" HTTPStatus.BAD_REQUEST -]
[2025-07-23 03:41:27,398: ERROR: _internal: 192.168.1.17 - - [23/Jul/2025 03:41:27] code 400, message Bad request version ('õZ')]
[2025-07-23 03:41:27,398: INFO: _internal: 192.168.1.17 - - [23/Jul/2025 03:41:27] "[35m[1m\x16\x03\x01\x07\x00\x01\x00\x06ü\x03\x03\x19ì\x8a`\x19Üä\x84îíbÿ\x92o©4\x08\x04³D\x06\x8fk|Q\x80a\x9ezî-\x9f ~ä¸\x08jPï`ô³¦\x00;OêuIfÅé)úæ2G>Ë±¢}\x9fó\x00 úú\x13\x01\x13\x02\x13\x03À+À/À,À0Ì©Ì¨À\x13À\x14\x00\x9c\x00\x9d\x00/\x005\x01\x00\x06\x93jj\x00\x00ş\x0d\x01\x1a\x00\x00\x01\x00\x01Ë\x00 ¾ô?\x13\x82Àmº±óÿbGoZi\x8dV\x845<íûE4Ùô¶\x0eà/e\x00ğ]\x04Åi\x97\x8f¦½Pví&´\x95Ï$û]Ç0\x01'ñ<¸\\}\x1cé(Ëz!\x098~¼å9¤í'\x80]ş1Á¸¸\x80¹Ûå\x81Rì\x1eİ\x9bq\x89;¥^ô!LZ\x84Jáó\x9f_şz²¹óë¼G\x8crjX\x10İÏç7\x95E\x84\x93©Û1Mº/µ\x83H±\x9aFå\x82µğ\x11.qà­¿;\x1c$L;\x88\x99\x9e\x09à+\x84\x01ûh4Ö'S9°\x0f\x82¦gL\x91\x0cw\x1d\x9cØeG\x85}wN\x91İÖ©Ñûå£³\x8eğ°Ï¸A\x87\x84-óxM\x0eÒ\x83&¸i\x18\x1cAŞ¼Ë\\Øó\x1fN?8;AÕÊÛ\x19é\x9dIÊ\x9dÙ­[\x85õZ[0m" HTTPStatus.BAD_REQUEST -]
[2025-07-23 03:41:27,399: ERROR: _internal: 192.168.1.17 - - [23/Jul/2025 03:41:27] code 400, message Bad request version ('\x0f¼\x1aN~9\x8d\x8a;¹ã3\x9d\x162uğ\x1b!\x99\x87')]
[2025-07-23 03:41:27,400: INFO: _internal: 192.168.1.17 - - [23/Jul/2025 03:41:27] "[35m[1m\x16\x03\x01\x06À\x01\x00\x06¼\x03\x034\x07]\x9e}ÕLN\x14J\x90\x10Xİ\x15X·¶·Ä>\x04ÇI\x11Jµo­éY¥ \x96\x1dÄÔ\x11Ü\x93æõÅºõG\x9d¤\x09Şq\x18~V\x16rÆ\x9b<{*9ôí<\x00 \x8a\x8a\x13\x01\x13\x02\x13\x03À+À/À,À0Ì©Ì¨À\x13À\x14\x00\x9c\x00\x9d\x00/\x005\x01\x00\x06S\x9a\x9a\x00\x00DÍ\x00\x05\x00\x03\x02h2\x00\x17\x00\x00\x003\x04ï\x04íºº\x00\x01\x00\x11ì\x04ÀGáqa\x88\x8bbòAD´\x9b\x82ê<"\x00\x86\x0cô\x89\x9b\x8a\x85ÿë\x12\x19g¬lÂ\x027±JRÕL]\x05BVsÌQZJçÉ\x981ê(N%Îâ²vë(=tg\x16\x1bÆ\x1c»\x82c\x11Ñ(uÛl¡Ğ\x19\x10Á\x1dĞ±7\x90¼'ÓJre± r!¼9¼y&U\x018J§i\x04ÍÂ\x8c\x8a,t\x96z±?=\x021Bà%[\x1b\x8cxZ-JbP\x1d÷Ì)@\x17SÄ¼O|\x8fâ\x9b:uàÍ\x1c|\x9eRIq\x11ñ\x82Ã\x9a¤ÄĞT£\x92;\x83¶\x8f8T\x18Í\x1a~\x9a»NF\x9a;ş¥SÏ\x0c\x87\x7f±{D:9+0l\x7f)UEç\x1c+¨¸\x1e\x0b\x02y\x8a£\x868Ài\x99~\x83¸²\x84q ,\x83Æô%\x92\x94C\x91\\S[ãºA[kh\x95\x95»\x19:o«\x00Â\x88\x1b³,9\x98c\x03\x86\x89J(\x04Âof\x04\x0fÇIKïJ\x99ö\x1b\x01}\x07t\x90°\x98\x1bÀ²\x91ÚJ\x86ì2mG\x9dÆô²É\x1c,Za\x93{Ùr\x0fğ`¥ë\x9c/\x08´\x8f¹]9vzİ7p´õ\x82íª\x021»\x8fl8·Êµ«±8¹ßêÌÊ\x05|Zg\x16\x9f|\x8cÑ\x12\x0en|}l\x81\x84Öøh°¥{)\x98¦Ç\x11m¨ XOcjîw*ÆñÃf°¸\x8db\x1b©\x95\x04fì\x8c\x89õ\x95\x80Ú8:Ù\x05«rxÊw¶(Ã\x98À»¸\x8f4\x12H\x1cWØË\x13\x19PwİGDÕ¥&\x86ì\x80u\\\x19äñd\x9flcñ\x06"¥\x0cT\x03$À7{ÆÙjI\x91Ö·hù3Æc~ÇÑn\x85\x08ÏL(§Â)\x16°L\x1f\x930\x89î2¸\x06 \x03KÚ\x16\x91x\x0e\x82·\x9d¸\x13\x97^l\x10³\x06Á%¡vî·-ğ\x9b¹+ğ\x87nÛ\x0dÇ\x9bÊ\x96º³Òõ9¤Ğ\x13\x1eÙ1#´\x13Jc¹Zç¥u\x09\x0f¼\x1aN~9\x8d\x8a;¹ã3\x9d\x162uğ\x1b!\x99\x87[0m" HTTPStatus.BAD_REQUEST -]
[2025-07-23 03:41:42,492: ERROR: _internal: 192.168.1.17 - - [23/Jul/2025 03:41:42] code 400, message Bad request version ('ç"ãÊ\x7f\x82\x05g9X(5\x05ü')]
[2025-07-23 03:41:42,493: INFO: _internal: 192.168.1.17 - - [23/Jul/2025 03:41:42] "[35m[1m\x16\x03\x01\x06 \x01\x00\x06\x9c\x03\x03\x91éÖaU@l\\öN\x1fç"ãÊ\x7f\x82\x05g9X(5\x05ü[0m" HTTPStatus.BAD_REQUEST -]
[2025-07-23 03:41:42,494: ERROR: _internal: 192.168.1.17 - - [23/Jul/2025 03:41:42] code 400, message Bad request version ('ş\x00\x05\x00\x05\x01\x00\x00\x00\x00DÍ\x00\x05\x00\x03\x02h2\x00#\x00\x00\x00+\x00\x07\x06ÚÚ\x03\x04\x03\x03\x00')]
[2025-07-23 03:41:42,495: INFO: _internal: 192.168.1.17 - - [23/Jul/2025 03:41:42] "[35m[1m\x16\x03\x01\x07\x00\x01\x00\x06ü\x03\x03\x99\x85jŞÉ¤¸+´¬zñ\x04\x8fkT\x8e\x0d\x12,Óò\x1d¤¯«O^\x97ûQÏ \x01=\x99\x9e×Ø\x0c¹Å}vC$KQosY\x8fcÒä\x9eM\x0d|\x13\x88 Ò}4\x00 êê\x13\x01\x13\x02\x13\x03À+À/À,À0Ì©Ì¨À\x13À\x14\x00\x9c\x00\x9d\x00/\x005\x01\x00\x06\x93ÚÚ\x00\x00ş\x0d\x01\x1a\x00\x00\x01\x00\x01¼\x00 ³w*ÎìMè<\x03jè`8ñ@\x7f\x9dñäíä¬JÓaÇû3Á/\x130\x00ğ=HK\x8f\x0b\x96eqW\x95\x9bn{\x9ct·\x04¿\x1b¬×´ãWÁÑ\x16ó@\x07S@\x8dqô\x96¦D\x92=&ícl®6B\x98÷V±,4¨ä"lm\x86\x1f_³\x92Á\x7f`Í.\x9bò ;N\x82ú\x09=\x1a\x1b'Åº½\x1c»*\x08Î³¥³+PM´Kşb\x8daÁ9ü|£ \x86ú\x1f®e5Á\x1b'×B\x19\x08ºl\x08æávXÙf{wæá×ª¹"\x92 æ\x91\x1e®!ÆöP*1da\x03-a\x1d\x8d¹ì×\x87µ\\\x1fBpAØ¨\x90Ómü\x1b.¡:Õ»§\x82r0ÿ\x1f\x080)Ä.\x86åÓv¥!\x9an'\x83A\x88À8Ú\x1eãÅ\x80\x91õşfúX\\\x8c\x85°QØ¾CÚ\x18]\x90\x0cÛüï%Ğ7ÛĞ/£ù/ ş\x00\x05\x00\x05\x01\x00\x00\x00\x00DÍ\x00\x05\x00\x03\x02h2\x00#\x00\x00\x00+\x00\x07\x06ÚÚ\x03\x04\x03\x03\x00[0m" HTTPStatus.BAD_REQUEST -]
[2025-07-23 03:41:42,497: ERROR: _internal: 192.168.1.17 - - [23/Jul/2025 03:41:42] code 400, message Bad request version ('ŞSÜ¸Q<\x17\x05ÃÁXG\x00ĞÎ\x96Z¾°\x92òO\x8fäK÷ì\x9fèÔ\x8eßU\x8c@°¸¾8¡n4\x8b5«ä')]
[2025-07-23 03:41:42,497: INFO: _internal: 192.168.1.17 - - [23/Jul/2025 03:41:42] "[35m[1m\x16\x03\x01\x06à\x01\x00\x06Ü\x03\x03À\x03ÛH½ÉxÓ\x03\x1aÙ\x891ô\x96±Q²\x17eÚ]s\x8cH[\x80l%rV\x8a \x01à©%jÉe{T)bàiå\x90îOÿÛ¼\x05;\x8a´!\x03\x89\x9c\x04\x8f\x81ë\x00 ºº\x13\x01\x13\x02\x13\x03À+À/À,À0Ì©Ì¨À\x13À\x14\x00\x9c\x00\x9d\x00/\x005\x01\x00\x06sÚÚ\x00\x00\x00\x05\x00\x05\x01\x00\x00\x00\x00ÿ\x01\x00\x01\x00\x00#\x00\x00ş\x0d\x00ú\x00\x00\x01\x00\x01\x89\x00 °¸\x14\x8cÌ6äÅ\x9b09%:7ùí Å¿\x85ŞSÜ¸Q<\x17\x05ÃÁXG\x00ĞÎ\x96Z¾°\x92òO\x8fäK÷ì\x9fèÔ\x8eßU\x8c@°¸¾8¡n4\x8b5«ä[0m" HTTPStatus.BAD_REQUEST -]
[2025-07-23 03:41:42,498: ERROR: _internal: 192.168.1.17 - - [23/Jul/2025 03:41:42] code 400, message Bad request version ('{Ù¯P\x84\x07\x08\x82S©ëZÙ©')]
[2025-07-23 03:41:42,499: INFO: _internal: 192.168.1.17 - - [23/Jul/2025 03:41:42] "[35m[1m\x16\x03\x01\x06 \x01\x00\x06\x9c\x03\x03ÛV´¶k\x10f\x1f\x91tc¤±\x10\x13£Ğ+\x02\x15\x93|İ¡Kg4páz7¿ Q\x09{Ù¯P\x84\x07\x08\x82S©ëZÙ©[0m" HTTPStatus.BAD_REQUEST -]
[2025-07-23 03:41:44,120: ERROR: _internal: 192.168.1.17 - - [23/Jul/2025 03:41:44] code 400, message Bad request version ('ÊÊ\x13\x01\x13\x02\x13\x03À+À/À,À0Ì©Ì¨À\x13À\x14\x00\x9c\x00\x9d\x00/\x005\x01\x00\x06\x93jj\x00\x00\x00')]
[2025-07-23 03:41:44,120: INFO: _internal: 192.168.1.17 - - [23/Jul/2025 03:41:44] "[35m[1m\x16\x03\x01\x07\x00\x01\x00\x06ü\x03\x03\x01bş\x9d\x16iÎ\x84Uºù¦ü7\x1e\x14\x00ğ|Ğ\x12[\x85óÉùÿà\x9d\x87ı\x81 ÿï§xÖ\x93\x92ÁAîuµÖ­ÔÈÖ\x19;ë¨\x80\\>§%fñ\x8etO|\x00 ÊÊ\x13\x01\x13\x02\x13\x03À+À/À,À0Ì©Ì¨À\x13À\x14\x00\x9c\x00\x9d\x00/\x005\x01\x00\x06\x93jj\x00\x00\x00[0m" HTTPStatus.BAD_REQUEST -]
[2025-07-23 03:41:44,121: ERROR: _internal: 192.168.1.17 - - [23/Jul/2025 03:41:44] code 400, message Bad request version ('LÃ\x7f\x075n\x03.îñ\x07İ+\x97q$%3Èb~a£6)¥çq¢=×qj\x1b+¬J\x05Ë')]
[2025-07-23 03:41:44,121: INFO: _internal: 192.168.1.17 - - [23/Jul/2025 03:41:44] "[35m[1m\x16\x03\x01\x06À\x01\x00\x06¼\x03\x03÷L"½Röä÷\x8eÃ(\x8dfÉ\x06o£¾\x80<Yy\x97·\x91\x14Ğh*IĞq R±Ó_\x00\x12\x86À\x82Hvä\x88Ân{æ¤kş\x8aş\x83v]Ëû\x17^=E\x0f\x00 jj\x13\x01\x13\x02\x13\x03À+À/À,À0Ì©Ì¨À\x13À\x14\x00\x9c\x00\x9d\x00/\x005\x01\x00\x06SÊÊ\x00\x00\x003\x04ï\x04í\x8a\x8a\x00\x01\x00\x11ì\x04ÀÛÈ\x97øäf£É~Õ¡R\x940\x819Ú\x87n\x19K(ø¾\x82ÜA;\x00Caè\x87Ud@Üğ\x03\x1aLª±i\x88òÁo¨X@#f¿\x1cLÃ\x7f\x075n\x03.îñ\x07İ+\x97q$%3Èb~a£6)¥çq¢=×qj\x1b+¬J\x05Ë[0m" HTTPStatus.BAD_REQUEST -]
[2025-07-23 03:41:44,124: ERROR: _internal: 192.168.1.17 - - [23/Jul/2025 03:41:44] code 400, message Bad request version ('\x00\x02\x01\x00ÿ\x01\x00\x01\x00\x00#\x00\x00\x00-\x00\x02\x01\x01\x00')]
[2025-07-23 03:41:44,124: INFO: _internal: 192.168.1.17 - - [23/Jul/2025 03:41:44] "[35m[1m\x16\x03\x01\x06à\x01\x00\x06Ü\x03\x03­\x84¡d\\»\x03\x87t»l\x92Gi\x19Ê«ºµà\x93Êf¡ôì~ïØm\x88ê £\x9e>O\x83\x0f\x85ı9\x89ipõñ?Úï\x9bm;S\x12®Ät\x98\x8f÷ßX\x13\x04\x00 **\x13\x01\x13\x02\x13\x03À+À/À,À0Ì©Ì¨À\x13À\x14\x00\x9c\x00\x9d\x00/\x005\x01\x00\x06s::\x00\x00\x00\x0b\x00\x02\x01\x00ÿ\x01\x00\x01\x00\x00#\x00\x00\x00-\x00\x02\x01\x01\x00[0m" HTTPStatus.BAD_REQUEST -]
[2025-07-23 03:41:44,124: ERROR: _internal: 192.168.1.17 - - [23/Jul/2025 03:41:44] code 400, message Bad request version ('zz\x13\x01\x13\x02\x13\x03À+À/À,À0Ì©Ì¨À\x13À\x14\x00\x9c\x00\x9d\x00/\x005\x01\x00\x06szz\x00\x00\x00\x17\x00\x00\x00')]
[2025-07-23 03:41:44,125: INFO: _internal: 192.168.1.17 - - [23/Jul/2025 03:41:44] "[35m[1m\x16\x03\x01\x06à\x01\x00\x06Ü\x03\x03\x88ì\x9aT¸\x14r1\x9d'/\x1eÛÁ?\x9f"u\x11#ø\x1bóë\x8c&q\x1al\x81\x8a» \x04\x05rf,©è?á¢Xp/´ùm81@;zó=\x85?\x1cÈ\x95Ïñ{F\x00 zz\x13\x01\x13\x02\x13\x03À+À/À,À0Ì©Ì¨À\x13À\x14\x00\x9c\x00\x9d\x00/\x005\x01\x00\x06szz\x00\x00\x00\x17\x00\x00\x00[0m" HTTPStatus.BAD_REQUEST -]
[2025-07-23 03:44:23,427: INFO: common: yaml file: config\config.yaml loaded successfully]
[2025-07-23 03:44:23,427: INFO: common: yaml file: params.yaml loaded successfully]
[2025-07-23 03:44:23,427: INFO: common: created directory at: artifacts]
[2025-07-23 03:44:23,427: INFO: common: created directory at: artifacts/model_deployment]
[2025-07-23 03:44:23,427: INFO: common: created directory at: static\uploads]
[2025-07-23 03:44:24,199: INFO: model_prediction: Using device for prediction: cuda]
[2025-07-23 03:44:25,002: INFO: model_prediction: Model loaded successfully from artifacts\model_training\model.pth.]
[2025-07-23 03:44:25,002: INFO: model_prediction: Image transformation pipeline for prediction created.]
[2025-07-23 03:44:25,002: INFO: model_prediction: Prediction component initialized. Model loaded, transforms ready.]
[2025-07-23 03:44:25,002: INFO: app: Prediction service initialized successfully.]
[2025-07-23 03:44:25,002: INFO: app: Starting Flask application on 0.0.0.0:8080]
[2025-07-23 03:44:25,034: INFO: _internal: [31m[1mWARNING: This is a development server. Do not use it in a production deployment. Use a production WSGI server instead.[0m
 * Running on all addresses (0.0.0.0)
 * Running on http://127.0.0.1:8080
 * Running on http://192.168.1.17:8080]
[2025-07-23 03:44:25,034: INFO: _internal: [33mPress CTRL+C to quit[0m]
[2025-07-23 03:44:25,034: INFO: _internal:  * Restarting with stat]
[2025-07-23 03:44:30,487: INFO: common: yaml file: config\config.yaml loaded successfully]
[2025-07-23 03:44:30,487: INFO: common: yaml file: params.yaml loaded successfully]
[2025-07-23 03:44:30,487: INFO: common: created directory at: artifacts]
[2025-07-23 03:44:30,496: INFO: common: created directory at: artifacts/model_deployment]
[2025-07-23 03:44:30,496: INFO: common: created directory at: static\uploads]
[2025-07-23 03:44:30,513: INFO: model_prediction: Using device for prediction: cuda]
[2025-07-23 03:44:30,860: INFO: model_prediction: Model loaded successfully from artifacts\model_training\model.pth.]
[2025-07-23 03:44:30,860: INFO: model_prediction: Image transformation pipeline for prediction created.]
[2025-07-23 03:44:30,860: INFO: model_prediction: Prediction component initialized. Model loaded, transforms ready.]
[2025-07-23 03:44:30,860: INFO: app: Prediction service initialized successfully.]
[2025-07-23 03:44:30,860: INFO: app: Starting Flask application on 0.0.0.0:8080]
[2025-07-23 03:44:30,878: WARNING: _internal:  * Debugger is active!]
[2025-07-23 03:44:30,878: INFO: _internal:  * Debugger PIN: 264-676-673]
[2025-07-23 03:47:10,165: INFO: _internal: 127.0.0.1 - - [23/Jul/2025 03:47:10] "GET / HTTP/1.1" 200 -]
[2025-07-23 03:47:10,406: INFO: _internal: 127.0.0.1 - - [23/Jul/2025 03:47:10] "GET / HTTP/1.1" 200 -]
[2025-07-23 03:47:10,495: INFO: _internal: 127.0.0.1 - - [23/Jul/2025 03:47:10] "[33mGET /favicon.ico HTTP/1.1[0m" 404 -]
[2025-07-23 03:47:39,194: INFO: app: Uploaded image saved to: static\uploads\Te-no_0018.jpg]
[2025-07-23 03:47:39,227: INFO: model_prediction: Image loaded: static\uploads\Te-no_0018.jpg]
[2025-07-23 03:47:39,227: INFO: model_prediction: Type of input_tensor after transform: <class 'torch.Tensor'>]
[2025-07-23 03:47:40,155: INFO: model_prediction: Image transformed and moved to device. Shape: torch.Size([1, 3, 224, 224])]
[2025-07-23 03:47:40,771: INFO: model_prediction: Prediction for static\uploads\Te-no_0018.jpg: Class Index 2, Class Name: notumor]
[2025-07-23 03:47:40,771: INFO: app: Prediction made: notumor]
[2025-07-23 03:47:40,771: INFO: app: Deleted uploaded image: static\uploads\Te-no_0018.jpg]
[2025-07-23 03:47:40,771: INFO: _internal: 127.0.0.1 - - [23/Jul/2025 03:47:40] "POST /predict HTTP/1.1" 200 -]
[2025-07-23 03:50:20,116: INFO: app: Uploaded image saved to: static\uploads\Te-pi_0026.jpg]
[2025-07-23 03:50:20,135: INFO: model_prediction: Image loaded: static\uploads\Te-pi_0026.jpg]
[2025-07-23 03:50:20,135: INFO: model_prediction: Type of input_tensor after transform: <class 'torch.Tensor'>]
[2025-07-23 03:50:21,146: INFO: model_prediction: Image transformed and moved to device. Shape: torch.Size([1, 3, 224, 224])]
[2025-07-23 03:50:21,148: INFO: model_prediction: Prediction for static\uploads\Te-pi_0026.jpg: Class Index 3, Class Name: pituitary]
[2025-07-23 03:50:21,162: INFO: app: Prediction made: pituitary]
[2025-07-23 03:50:21,163: INFO: app: Deleted uploaded image: static\uploads\Te-pi_0026.jpg]
[2025-07-23 03:50:21,165: INFO: _internal: 127.0.0.1 - - [23/Jul/2025 03:50:21] "POST /predict HTTP/1.1" 200 -]
[2025-07-23 03:52:22,144: INFO: app: Uploaded image saved to: static\uploads\bhalu.jpg]
[2025-07-23 03:52:22,177: INFO: model_prediction: Image loaded: static\uploads\bhalu.jpg]
[2025-07-23 03:52:22,195: INFO: model_prediction: Type of input_tensor after transform: <class 'torch.Tensor'>]
[2025-07-23 03:52:22,740: INFO: model_prediction: Image transformed and moved to device. Shape: torch.Size([1, 3, 224, 224])]
[2025-07-23 03:52:22,772: INFO: model_prediction: Prediction for static\uploads\bhalu.jpg: Class Index 2, Class Name: notumor]
[2025-07-23 03:52:22,773: INFO: app: Prediction made: notumor]
[2025-07-23 03:52:22,774: INFO: app: Deleted uploaded image: static\uploads\bhalu.jpg]
[2025-07-23 03:52:22,775: INFO: _internal: 127.0.0.1 - - [23/Jul/2025 03:52:22] "POST /predict HTTP/1.1" 200 -]
[2025-07-23 11:22:50,067: INFO: common: yaml file: config\config.yaml loaded successfully]
[2025-07-23 11:22:50,116: INFO: common: yaml file: params.yaml loaded successfully]
[2025-07-23 11:22:50,116: INFO: common: created directory at: artifacts]
[2025-07-23 11:22:50,116: INFO: common: created directory at: artifacts/model_deployment]
[2025-07-23 11:22:50,120: INFO: common: created directory at: static\uploads]
[2025-07-23 11:22:50,931: INFO: model_prediction: Using device for prediction: cuda]
[2025-07-23 11:22:52,232: INFO: model_prediction: Model loaded successfully from artifacts\model_training\model.pth.]
[2025-07-23 11:22:52,232: INFO: model_prediction: Image transformation pipeline for prediction created.]
[2025-07-23 11:22:52,232: INFO: model_prediction: Prediction component initialized. Model loaded, transforms ready.]
[2025-07-23 11:22:52,232: INFO: app: Prediction service initialized successfully.]
[2025-07-23 11:22:52,232: INFO: app: Starting Flask application on 0.0.0.0:8080]
[2025-07-23 11:22:52,563: INFO: _internal: [31m[1mWARNING: This is a development server. Do not use it in a production deployment. Use a production WSGI server instead.[0m
 * Running on all addresses (0.0.0.0)
 * Running on http://127.0.0.1:8080
 * Running on http://192.168.7.230:8080]
[2025-07-23 11:22:52,563: INFO: _internal: [33mPress CTRL+C to quit[0m]
[2025-07-23 11:22:52,573: INFO: _internal:  * Restarting with stat]
[2025-07-23 11:22:58,664: INFO: common: yaml file: config\config.yaml loaded successfully]
[2025-07-23 11:22:58,667: INFO: common: yaml file: params.yaml loaded successfully]
[2025-07-23 11:22:58,667: INFO: common: created directory at: artifacts]
[2025-07-23 11:22:58,667: INFO: common: created directory at: artifacts/model_deployment]
[2025-07-23 11:22:58,667: INFO: common: created directory at: static\uploads]
[2025-07-23 11:22:58,685: INFO: model_prediction: Using device for prediction: cuda]
[2025-07-23 11:22:59,042: INFO: model_prediction: Model loaded successfully from artifacts\model_training\model.pth.]
[2025-07-23 11:22:59,042: INFO: model_prediction: Image transformation pipeline for prediction created.]
[2025-07-23 11:22:59,042: INFO: model_prediction: Prediction component initialized. Model loaded, transforms ready.]
[2025-07-23 11:22:59,042: INFO: app: Prediction service initialized successfully.]
[2025-07-23 11:22:59,042: INFO: app: Starting Flask application on 0.0.0.0:8080]
[2025-07-23 11:22:59,056: WARNING: _internal:  * Debugger is active!]
[2025-07-23 11:22:59,108: INFO: _internal:  * Debugger PIN: 264-676-673]
[2025-07-23 11:25:17,472: INFO: _internal: 127.0.0.1 - - [23/Jul/2025 11:25:17] "GET / HTTP/1.1" 200 -]
[2025-07-23 11:25:17,593: INFO: _internal: 127.0.0.1 - - [23/Jul/2025 11:25:17] "GET / HTTP/1.1" 200 -]
[2025-07-23 11:25:17,678: INFO: _internal: 127.0.0.1 - - [23/Jul/2025 11:25:17] "[33mGET /favicon.ico HTTP/1.1[0m" 404 -]
[2025-07-23 11:25:58,992: INFO: app: Uploaded image saved to: static\uploads\Te-no_0034.jpg]
[2025-07-23 11:25:59,322: INFO: model_prediction: Image loaded: static\uploads\Te-no_0034.jpg]
[2025-07-23 11:25:59,566: INFO: model_prediction: Type of input_tensor after transform: <class 'torch.Tensor'>]
[2025-07-23 11:26:00,523: INFO: model_prediction: Image transformed and moved to device. Shape: torch.Size([1, 3, 224, 224])]
[2025-07-23 11:26:04,680: INFO: model_prediction: Prediction for static\uploads\Te-no_0034.jpg: Class Index 2, Class Name: notumor]
[2025-07-23 11:26:04,694: INFO: app: Prediction made: notumor]
[2025-07-23 11:26:04,694: INFO: app: Deleted uploaded image: static\uploads\Te-no_0034.jpg]
[2025-07-23 11:26:04,702: INFO: _internal: 127.0.0.1 - - [23/Jul/2025 11:26:04] "POST /predict HTTP/1.1" 200 -]
